<!DOCTYPE html>
<html>
<head>
  
<meta http-equiv="Content-Type" content="text/html; charset=UTF-8" />

<script type="text/javascript" src="js/jquery.min.js"></script>
<script type="text/javascript" src="js/jquery.tablesorter.min.js"></script>
<script type="text/javascript" src="js/Chart.min.js"></script>
<script type="text/javascript" src="js/moment.min.js"></script>
<script type="text/javascript" src="js/bootstrap.min.js"></script>

<link rel="stylesheet" href="css/bootstrap.min.css" type="text/css"/>
<link rel="stylesheet" href="css/cucumber.css" type="text/css"/>
<link rel="stylesheet" href="css/font-awesome.min.css"/>
<link rel="shortcut icon" href="images/favicon.png"/>

<script type="text/javascript">
$(document).ready(function() {
    // this will tell tablesorter to try looking for the data-value attribute
    // if present, it'll sort by that instead
    // otherwise, it'll sort by the text content of the table cell
    $("#tablesorter").tablesorter({
        textAttribute: 'data-value',
        // ignores the first row of the header, the 'scenario', 'steps', since
        // sorting those doesn't make sense
        selectorHeaders: '> thead tr:not(.dont-sort) th',
        // use a stable sort
        sortStable: true
    });
});
</script>










  
<title>Cucumber Reports (no 1) - Failures Overview</title>

</head>

<body>

<nav class="navbar navbar-default navbar-fixed-top" id="navigation">
  <div class="container-fluid">
    <div class="collapse navbar-collapse">
      <p class="navbar-text navbar-left">Cucumber Report</p>
      <ul class="nav navbar-nav navbar-right">
                <li role="presentation" ><a href="overview-features.html">Features</a></li>
        <li role="presentation" ><a href="overview-tags.html">Tags</a></li>
        <li role="presentation" ><a href="overview-steps.html">Steps</a></li>
                <li role="presentation"  class="active" ><a href="overview-failures.html">Failures</a></li>
      </ul>
    </div>
  </div>
</nav>


<div class="container-fluid">
  <div class="col-md-5 col-md-offset-1">
    
<table class="table table-bordered" id="build-info">
  <thead>
    <tr>
      <th>Project</th>
              <th>Number</th>
            <th>Date</th>
    </tr>
  </thead>
  <tbody>
    <tr class="info">
      <td>Automation</td>
              <td>1</td>
            <td>18 Sep 2024, 12:13</td>
    </tr>
  </tbody>
</table>

  </div>
  <div class="col-md-3 col-md-offset-2">
      </div>
</div>


<div id="report-lead" class="container-fluid">
  <div class="col-md-10 col-md-offset-1">
    <h2>Failures Overview</h2>
          <p>The following summary displays scenarios that failed.</p>
      </div>
</div>


<div class="container-fluid">
  <div class="row">
    <div class="col-md-10 col-md-offset-10">
      <i class="fa fa-chevron-circle-down fa-2x collapsable-control"
        onClick="javascript:$('#report .collapsable-details').collapse('show')"></i>
      <i class="fa fa-chevron-circle-up fa-2x collapsable-control"
        onClick="javascript:$('#report .collapsable-details').collapse('hide')"></i>
    </div>
  </div>
</div>


<div class="container-fluid" id="report">
  <div class="row">
    <div class="col-md-10 col-md-offset-1">

              <div class="elements">
                      
<div class="element">
      <div class="indention">
      <b>Feature:</b>
      <a href="report-feature_file-src-test-resources-features-Filter-feature.html">Validate Filter Functionality</a>
    </div>
  
  
<div class="tags indention">
  </div>


    <span data-toggle="collapse" class=" collapsable-control" data-target="#element-1">
    
<div class="brief failed">
  <span class="keyword indention">Scenario</span>
  <span class="name">Verify filter option</span>
  

       <i class="chevron fa fa-fw"></i>
  </div>

  </span>
  <div class="description indention"></div>

  <div id="element-1" class="collapse collapsable-details  in ">
    
  <div class="inner-level hooks-before">
        <div data-toggle="collapse" class=" collapsed  collapsable-control" data-target="#before-2">
      
<div class="brief passed">
  <span class="keyword indention">Hooks</span>
  <span class="name"></span>
  

       <i class="chevron fa fa-fw"></i>
  </div>

    </div>

    <div id="before-2" class="inner-level collapse collapsable-details ">
              <div class="hook">
          <div class="brief passed">
            <span class="keyword indention">Before</span>
                          <span class="location name">com.automation.steps.Hooks.setUp()</span>
                        
  <span class="lead-duration duration">8s 664ms</span>

          </div>

                      

          
          
  
        </div>
          </div>
  </div>


    
<div class="steps inner-level">
    <div data-toggle="collapse" class=" collapsable-control" data-target="#steps-3">
    
<div class="brief failed">
  <span class="keyword indention">Steps</span>
  <span class="name"></span>
  

       <i class="chevron fa fa-fw"></i>
  </div>

  </div>

  <div id="steps-3" class="inner-level collapse collapsable-details  in ">
          <div class="step">
        
<div class="brief passed">
  <span class="keyword indention">Given</span>
  <span class="name">user opens website</span>
  
  <span class="lead-duration duration">4s 293ms</span>

  </div>

        


        
        

        

        
  
      </div>
          <div class="step">
        
<div class="brief passed">
  <span class="keyword indention">And</span>
  <span class="name">verify user is on homepage</span>
  
  <span class="lead-duration duration">809ms</span>

  </div>

        


        
        

        

        
  
      </div>
          <div class="step">
        
<div class="brief passed">
  <span class="keyword indention">When</span>
  <span class="name">user click on &quot;farm&quot;</span>
  
  <span class="lead-duration duration">2s 416ms</span>

  </div>

        


        
        

        

        
  
      </div>
          <div class="step">
        
<div class="brief passed">
  <span class="keyword indention">When</span>
  <span class="name">user clicks on filter</span>
  
  <span class="lead-duration duration">1s 397ms</span>

  </div>

        


        
        

        

        
  
      </div>
          <div class="step">
        
<div class="brief passed">
  <span class="keyword indention">Then</span>
  <span class="name">user selects filter by Entire home</span>
  
  <span class="lead-duration duration">3s 691ms</span>

  </div>

        


        
        

        

        
  
      </div>
          <div class="step">
        
<div class="brief passed">
  <span class="keyword indention">And</span>
  <span class="name">user enters minimum price &quot;1000&quot; and maximum price &quot;10000&quot;</span>
  
  <span class="lead-duration duration">1s 178ms</span>

  </div>

        


        
        

        

        
  
      </div>
          <div class="step">
        
<div class="brief passed">
  <span class="keyword indention">And</span>
  <span class="name">user selects &quot;2&quot; bedrooms and &quot;2&quot; beds</span>
  
  <span class="lead-duration duration">536ms</span>

  </div>

        


        
        

        

        
  
      </div>
          <div class="step">
        
<div class="brief passed">
  <span class="keyword indention">And</span>
  <span class="name">user selects Wifi in Amenities</span>
  
  <span class="lead-duration duration">123ms</span>

  </div>

        


        
        

        

        
  
      </div>
          <div class="step">
        
<div class="brief passed">
  <span class="keyword indention">And</span>
  <span class="name">user selects Instant Book in Booking options</span>
  
  <span class="lead-duration duration">243ms</span>

  </div>

        


        
        

        

        
  
      </div>
          <div class="step">
        
<div class="brief passed">
  <span class="keyword indention">And</span>
  <span class="name">user selects guest favourites in Top-tier stays</span>
  
  <span class="lead-duration duration">259ms</span>

  </div>

        


        
        

        

        
  
      </div>
          <div class="step">
        
<div class="brief passed">
  <span class="keyword indention">And</span>
  <span class="name">user selects Hotel Property type</span>
  
  <span class="lead-duration duration">560ms</span>

  </div>

        


        
        

        

        
  
      </div>
          <div class="step">
        
<div class="brief passed">
  <span class="keyword indention">And</span>
  <span class="name">user selects filter by Accessibility features</span>
  
  <span class="lead-duration duration">716ms</span>

  </div>

        


        
        

        

        
  
      </div>
          <div class="step">
        
<div class="brief passed">
  <span class="keyword indention">And</span>
  <span class="name">user selects language English in filter</span>
  
  <span class="lead-duration duration">1s 310ms</span>

  </div>

        


        
        

        

        
  
      </div>
          <div class="step">
        
<div class="brief passed">
  <span class="keyword indention">Then</span>
  <span class="name">user clicks on show</span>
  
  <span class="lead-duration duration">584ms</span>

  </div>

        


        
        

        

        
  
      </div>
          <div class="step">
        
<div class="brief failed">
  <span class="keyword indention">When</span>
  <span class="name">user selects first card</span>
  
  <span class="lead-duration duration">31s 583ms</span>

  </div>

        

  <div class="inner-level">
    <div class="message indention">
      <div data-toggle="collapse" class="collapsable-control" data-target="#msg-4">
          <a>Error message</a>
      </div>
      <div id="msg-4" class="collapse collapsable-details">
        <pre>com.microsoft.playwright.TimeoutError: Error {
  message='Timeout 30000ms exceeded.
  name='TimeoutError
  stack='TimeoutError: Timeout 30000ms exceeded.
    at ProgressController.run (C:\Users\280683\AppData\Local\Temp\playwright-java-1701699041182769527\package\lib\server\progress.js:78:26)
    at Frame.click (C:\Users\280683\AppData\Local\Temp\playwright-java-1701699041182769527\package\lib\server\frames.js:1007:23)
    at FrameDispatcher.click (C:\Users\280683\AppData\Local\Temp\playwright-java-1701699041182769527\package\lib\server\dispatchers\frameDispatcher.js:158:30)
    at FrameDispatcher._handleCommand (C:\Users\280683\AppData\Local\Temp\playwright-java-1701699041182769527\package\lib\server\dispatchers\dispatcher.js:94:40)
    at DispatcherConnection.dispatch (C:\Users\280683\AppData\Local\Temp\playwright-java-1701699041182769527\package\lib\server\dispatchers\dispatcher.js:361:39)
}
Call log:
- waiting for locator(&quot;//button[@aria-label='Close']&quot;)

	at com.microsoft.playwright.impl.WaitableResult.get(WaitableResult.java:52)
	at com.microsoft.playwright.impl.ChannelOwner.runUntil(ChannelOwner.java:120)
	at com.microsoft.playwright.impl.Connection.sendMessage(Connection.java:130)
	at com.microsoft.playwright.impl.ChannelOwner.sendMessage(ChannelOwner.java:106)
	at com.microsoft.playwright.impl.FrameImpl.clickImpl(FrameImpl.java:252)
	at com.microsoft.playwright.impl.FrameImpl.lambda$click$8(FrameImpl.java:243)
	at com.microsoft.playwright.impl.LoggingSupport.lambda$withLogging$0(LoggingSupport.java:36)
	at com.microsoft.playwright.impl.LoggingSupport.withLogging(LoggingSupport.java:47)
	at com.microsoft.playwright.impl.ChannelOwner.withLogging(ChannelOwner.java:89)
	at com.microsoft.playwright.impl.LoggingSupport.withLogging(LoggingSupport.java:35)
	at com.microsoft.playwright.impl.FrameImpl.click(FrameImpl.java:243)
	at com.microsoft.playwright.impl.LocatorImpl.click(LocatorImpl.java:160)
	at com.microsoft.playwright.Locator.click(Locator.java:2468)
	at com.automation.pages.BookingPage.clickOnFirstCard(BookingPage.java:35)
	at com.automation.steps.BookingSteps.user_selects_first_card(BookingSteps.java:22)
	at &#10045;.user selects first card(file:///C:/Users/280683/Downloads/PlaywrightAumomationAirbnb/src/test/resources/features/Filter.feature:18)
Caused by: com.microsoft.playwright.TimeoutError: Error {
  message='Timeout 30000ms exceeded.
  name='TimeoutError
  stack='TimeoutError: Timeout 30000ms exceeded.
    at ProgressController.run (C:\Users\280683\AppData\Local\Temp\playwright-java-1701699041182769527\package\lib\server\progress.js:78:26)
    at Frame.click (C:\Users\280683\AppData\Local\Temp\playwright-java-1701699041182769527\package\lib\server\frames.js:1007:23)
    at FrameDispatcher.click (C:\Users\280683\AppData\Local\Temp\playwright-java-1701699041182769527\package\lib\server\dispatchers\frameDispatcher.js:158:30)
    at FrameDispatcher._handleCommand (C:\Users\280683\AppData\Local\Temp\playwright-java-1701699041182769527\package\lib\server\dispatchers\dispatcher.js:94:40)
    at DispatcherConnection.dispatch (C:\Users\280683\AppData\Local\Temp\playwright-java-1701699041182769527\package\lib\server\dispatchers\dispatcher.js:361:39)
}
Call log:
- waiting for locator(&quot;//button[@aria-label='Close']&quot;)

	at com.microsoft.playwright.impl.Connection.dispatch(Connection.java:254)
	at com.microsoft.playwright.impl.Connection.processOneMessage(Connection.java:211)
	at com.microsoft.playwright.impl.ChannelOwner.runUntil(ChannelOwner.java:118)
	at com.microsoft.playwright.impl.Connection.sendMessage(Connection.java:130)
	at com.microsoft.playwright.impl.ChannelOwner.sendMessage(ChannelOwner.java:106)
	at com.microsoft.playwright.impl.FrameImpl.clickImpl(FrameImpl.java:252)
	at com.microsoft.playwright.impl.FrameImpl.lambda$click$8(FrameImpl.java:243)
	at com.microsoft.playwright.impl.LoggingSupport.lambda$withLogging$0(LoggingSupport.java:36)
	at com.microsoft.playwright.impl.LoggingSupport.withLogging(LoggingSupport.java:47)
	at com.microsoft.playwright.impl.ChannelOwner.withLogging(ChannelOwner.java:89)
	at com.microsoft.playwright.impl.LoggingSupport.withLogging(LoggingSupport.java:35)
	at com.microsoft.playwright.impl.FrameImpl.click(FrameImpl.java:243)
	at com.microsoft.playwright.impl.LocatorImpl.click(LocatorImpl.java:160)
	at com.microsoft.playwright.Locator.click(Locator.java:2468)
	at com.automation.pages.BookingPage.clickOnFirstCard(BookingPage.java:35)
	at com.automation.steps.BookingSteps.user_selects_first_card(BookingSteps.java:22)
	at java.base/jdk.internal.reflect.NativeMethodAccessorImpl.invoke0(Native Method)
	at java.base/jdk.internal.reflect.NativeMethodAccessorImpl.invoke(NativeMethodAccessorImpl.java:77)
	at java.base/jdk.internal.reflect.DelegatingMethodAccessorImpl.invoke(DelegatingMethodAccessorImpl.java:43)
	at java.base/java.lang.reflect.Method.invoke(Method.java:569)
	at io.cucumber.java.Invoker.doInvoke(Invoker.java:66)
	at io.cucumber.java.Invoker.invoke(Invoker.java:24)
	at io.cucumber.java.AbstractGlueDefinition.invokeMethod(AbstractGlueDefinition.java:47)
	at io.cucumber.java.JavaStepDefinition.execute(JavaStepDefinition.java:29)
	at io.cucumber.core.runner.CoreStepDefinition.execute(CoreStepDefinition.java:66)
	at io.cucumber.core.runner.PickleStepDefinitionMatch.runStep(PickleStepDefinitionMatch.java:63)
	at io.cucumber.core.runner.ExecutionMode$1.execute(ExecutionMode.java:10)
	at io.cucumber.core.runner.TestStep.executeStep(TestStep.java:81)
	at io.cucumber.core.runner.TestStep.run(TestStep.java:53)
	at io.cucumber.core.runner.PickleStepTestStep.run(PickleStepTestStep.java:51)
	at io.cucumber.core.runner.TestCase.run(TestCase.java:84)
	at io.cucumber.core.runner.Runner.runPickle(Runner.java:75)
	at io.cucumber.junit.PickleRunners$NoStepDescriptions.lambda$run$0(PickleRunners.java:151)
	at io.cucumber.core.runtime.CucumberExecutionContext.lambda$runTestCase$5(CucumberExecutionContext.java:136)
	at io.cucumber.core.runtime.RethrowingThrowableCollector.executeAndThrow(RethrowingThrowableCollector.java:23)
	at io.cucumber.core.runtime.CucumberExecutionContext.runTestCase(CucumberExecutionContext.java:136)
	at io.cucumber.junit.PickleRunners$NoStepDescriptions.run(PickleRunners.java:148)
	at io.cucumber.junit.FeatureRunner.runChild(FeatureRunner.java:144)
	at io.cucumber.junit.FeatureRunner.runChild(FeatureRunner.java:28)
	at org.junit.runners.ParentRunner$4.run(ParentRunner.java:331)
	at org.junit.runners.ParentRunner$1.schedule(ParentRunner.java:79)
	at org.junit.runners.ParentRunner.runChildren(ParentRunner.java:329)
	at org.junit.runners.ParentRunner.access$100(ParentRunner.java:66)
	at org.junit.runners.ParentRunner$2.evaluate(ParentRunner.java:293)
	at org.junit.runners.ParentRunner$3.evaluate(ParentRunner.java:306)
	at org.junit.runners.ParentRunner.run(ParentRunner.java:413)
	at io.cucumber.junit.FeatureRunner.run(FeatureRunner.java:137)
	at io.cucumber.junit.Cucumber.runChild(Cucumber.java:196)
	at io.cucumber.junit.Cucumber.runChild(Cucumber.java:89)
	at org.junit.runners.ParentRunner$4.run(ParentRunner.java:331)
	at org.junit.runners.ParentRunner$1.schedule(ParentRunner.java:79)
	at org.junit.runners.ParentRunner.runChildren(ParentRunner.java:329)
	at org.junit.runners.ParentRunner.access$100(ParentRunner.java:66)
	at org.junit.runners.ParentRunner$2.evaluate(ParentRunner.java:293)
	at io.cucumber.core.runtime.CucumberExecutionContext.lambda$runFeatures$6(CucumberExecutionContext.java:147)
	at io.cucumber.core.runtime.CucumberExecutionContext.execute(CucumberExecutionContext.java:162)
	at io.cucumber.core.runtime.CucumberExecutionContext.runFeatures(CucumberExecutionContext.java:145)
	at io.cucumber.junit.Cucumber$StartAndFinishTestRun.evaluate(Cucumber.java:226)
	at org.junit.runners.ParentRunner$3.evaluate(ParentRunner.java:306)
	at org.junit.runners.ParentRunner.run(ParentRunner.java:413)
	at org.apache.maven.surefire.junit4.JUnit4Provider.execute(JUnit4Provider.java:316)
	at org.apache.maven.surefire.junit4.JUnit4Provider.executeWithRerun(JUnit4Provider.java:240)
	at org.apache.maven.surefire.junit4.JUnit4Provider.executeTestSet(JUnit4Provider.java:214)
	at org.apache.maven.surefire.junit4.JUnit4Provider.invoke(JUnit4Provider.java:155)
	at org.apache.maven.surefire.booter.ForkedBooter.runSuitesInProcess(ForkedBooter.java:385)
	at org.apache.maven.surefire.booter.ForkedBooter.execute(ForkedBooter.java:162)
	at org.apache.maven.surefire.booter.ForkedBooter.run(ForkedBooter.java:507)
	at org.apache.maven.surefire.booter.ForkedBooter.main(ForkedBooter.java:495)
</pre>
      </div>
    </div>
  </div>


        
        

        

        
  
      </div>
          <div class="step">
        
<div class="brief skipped">
  <span class="keyword indention">Then</span>
  <span class="name">verify displayed details with the user interest</span>
  
  <span class="lead-duration duration">000ms</span>

  </div>

        


        
        

        

        
  
      </div>
      </div>
</div>


    
  <div class="inner-level hooks-after">
        <div data-toggle="collapse" class=" collapsed  collapsable-control" data-target="#after-5">
      
<div class="brief passed">
  <span class="keyword indention">Hooks</span>
  <span class="name"></span>
  

       <i class="chevron fa fa-fw"></i>
  </div>

    </div>

    <div id="after-5" class="inner-level collapse collapsable-details ">
              <div class="hook">
          <div class="brief passed">
            <span class="keyword indention">After</span>
                          <span class="location name">com.automation.steps.Hooks.cleanUp()</span>
                        
  <span class="lead-duration duration">1s 434ms</span>

          </div>

                      

          
          
  
        </div>
          </div>
  </div>

  </div>
</div>

                      
<div class="element">
      <div class="indention">
      <b>Feature:</b>
      <a href="report-feature_file-src-test-resources-features-Currency-feature.html">Validate currency functionality</a>
    </div>
  
  
<div class="tags indention">
  </div>


    <span data-toggle="collapse" class=" collapsable-control" data-target="#element-6">
    
<div class="brief failed">
  <span class="keyword indention">Scenario</span>
  <span class="name">Verify currency</span>
  

       <i class="chevron fa fa-fw"></i>
  </div>

  </span>
  <div class="description indention"></div>

  <div id="element-6" class="collapse collapsable-details  in ">
    
  <div class="inner-level hooks-before">
        <div data-toggle="collapse" class=" collapsed  collapsable-control" data-target="#before-7">
      
<div class="brief passed">
  <span class="keyword indention">Hooks</span>
  <span class="name"></span>
  

       <i class="chevron fa fa-fw"></i>
  </div>

    </div>

    <div id="before-7" class="inner-level collapse collapsable-details ">
              <div class="hook">
          <div class="brief passed">
            <span class="keyword indention">Before</span>
                          <span class="location name">com.automation.steps.Hooks.setUp()</span>
                        
  <span class="lead-duration duration">38s 253ms</span>

          </div>

                      

          
          
  
        </div>
          </div>
  </div>


    
<div class="steps inner-level">
    <div data-toggle="collapse" class=" collapsable-control" data-target="#steps-8">
    
<div class="brief failed">
  <span class="keyword indention">Steps</span>
  <span class="name"></span>
  

       <i class="chevron fa fa-fw"></i>
  </div>

  </div>

  <div id="steps-8" class="inner-level collapse collapsable-details  in ">
          <div class="step">
        
<div class="brief passed">
  <span class="keyword indention">Given</span>
  <span class="name">user opens website</span>
  
  <span class="lead-duration duration">7s 838ms</span>

  </div>

        


        
        

        

        
  
      </div>
          <div class="step">
        
<div class="brief passed">
  <span class="keyword indention">And</span>
  <span class="name">verify user is on homepage</span>
  
  <span class="lead-duration duration">679ms</span>

  </div>

        


        
        

        

        
  
      </div>
          <div class="step">
        
<div class="brief passed">
  <span class="keyword indention">When</span>
  <span class="name">user clicks on global icon</span>
  
  <span class="lead-duration duration">902ms</span>

  </div>

        


        
        

        

        
  
      </div>
          <div class="step">
        
<div class="brief passed">
  <span class="keyword indention">And</span>
  <span class="name">user selects currency</span>
  
  <span class="lead-duration duration">892ms</span>

  </div>

        


        
        

        

        
  
      </div>
          <div class="step">
        
<div class="brief failed">
  <span class="keyword indention">Then</span>
  <span class="name">verify currency options are displayed</span>
  
  <span class="lead-duration duration">127ms</span>

  </div>

        

  <div class="inner-level">
    <div class="message indention">
      <div data-toggle="collapse" class="collapsable-control" data-target="#msg-9">
          <a>Error message</a>
      </div>
      <div id="msg-9" class="collapse collapsable-details">
        <pre>com.microsoft.playwright.PlaywrightException: Error {
  message='Error: strict mode violation: locator(&quot;//h2[@elementtiming='LCP-target']&quot;) resolved to 3 elements:
    1) &lt;h2 tabindex=&quot;-1&quot; elementtiming=&quot;LCP-target&quot; class=&quot;&hellip;&gt;Suggested languages and regions&lt;/h2&gt; aka getByText(&quot;Suggested languages and&quot;)
    2) &lt;h2 tabindex=&quot;-1&quot; elementtiming=&quot;LCP-target&quot; class=&quot;&hellip;&gt;Choose a language and region&lt;/h2&gt; aka getByText(&quot;Choose a language and region&quot;)
    3) &lt;h2 tabindex=&quot;-1&quot; elementtiming=&quot;LCP-target&quot; class=&quot;&hellip;&gt;Choose a currency&lt;/h2&gt; aka getByRole(AriaRole.HEADING, new Page.GetByRoleOptions().setName(&quot;Choose a currency&quot;))

  name='Error
  stack='Error: Error: strict mode violation: locator(&quot;//h2[@elementtiming='LCP-target']&quot;) resolved to 3 elements:
    1) &lt;h2 tabindex=&quot;-1&quot; elementtiming=&quot;LCP-target&quot; class=&quot;&hellip;&gt;Suggested languages and regions&lt;/h2&gt; aka getByText(&quot;Suggested languages and&quot;)
    2) &lt;h2 tabindex=&quot;-1&quot; elementtiming=&quot;LCP-target&quot; class=&quot;&hellip;&gt;Choose a language and region&lt;/h2&gt; aka getByText(&quot;Choose a language and region&quot;)
    3) &lt;h2 tabindex=&quot;-1&quot; elementtiming=&quot;LCP-target&quot; class=&quot;&hellip;&gt;Choose a currency&lt;/h2&gt; aka getByRole(AriaRole.HEADING, new Page.GetByRoleOptions().setName(&quot;Choose a currency&quot;))

    at CRExecutionContext.evaluateWithArguments (C:\Users\280683\AppData\Local\Temp\playwright-java-1701699041182769527\package\lib\server\chromium\crExecutionContext.js:92:33)
    at async LongStandingScope._race (C:\Users\280683\AppData\Local\Temp\playwright-java-1701699041182769527\package\lib\utils\manualPromise.js:96:14)
    at async evaluateExpression (C:\Users\280683\AppData\Local\Temp\playwright-java-1701699041182769527\package\lib\server\javascript.js:241:12)
    at async Frame.isVisibleInternal (C:\Users\280683\AppData\Local\Temp\playwright-java-1701699041182769527\package\lib\server\frames.js:1131:14)
    at async C:\Users\280683\AppData\Local\Temp\playwright-java-1701699041182769527\package\lib\server\frames.js:1124:14
    at async ProgressController.run (C:\Users\280683\AppData\Local\Temp\playwright-java-1701699041182769527\package\lib\server\progress.js:82:22)
    at async FrameDispatcher.isVisible (C:\Users\280683\AppData\Local\Temp\playwright-java-1701699041182769527\package\lib\server\dispatchers\frameDispatcher.js:233:14)
    at async LongStandingScope._race (C:\Users\280683\AppData\Local\Temp\playwright-java-1701699041182769527\package\lib\utils\manualPromise.js:96:14)
    at async FrameDispatcher._handleCommand (C:\Users\280683\AppData\Local\Temp\playwright-java-1701699041182769527\package\lib\server\dispatchers\dispatcher.js:96:14)
    at async DispatcherConnection.dispatch (C:\Users\280683\AppData\Local\Temp\playwright-java-1701699041182769527\package\lib\server\dispatchers\dispatcher.js:361:22)
}
Call log:
-   checking visibility of locator(&quot;//h2[@elementtiming='LCP-target']&quot;)

	at com.microsoft.playwright.impl.WaitableResult.get(WaitableResult.java:56)
	at com.microsoft.playwright.impl.ChannelOwner.runUntil(ChannelOwner.java:120)
	at com.microsoft.playwright.impl.Connection.sendMessage(Connection.java:130)
	at com.microsoft.playwright.impl.ChannelOwner.sendMessage(ChannelOwner.java:106)
	at com.microsoft.playwright.impl.FrameImpl.isVisibleImpl(FrameImpl.java:641)
	at com.microsoft.playwright.impl.FrameImpl.lambda$isVisible$29(FrameImpl.java:627)
	at com.microsoft.playwright.impl.LoggingSupport.withLogging(LoggingSupport.java:47)
	at com.microsoft.playwright.impl.ChannelOwner.withLogging(ChannelOwner.java:89)
	at com.microsoft.playwright.impl.FrameImpl.isVisible(FrameImpl.java:627)
	at com.microsoft.playwright.impl.LocatorImpl.isVisible(LocatorImpl.java:416)
	at com.microsoft.playwright.Locator.isVisible(Locator.java:4064)
	at com.automation.pages.HomePage.lineOnCurrency(HomePage.java:354)
	at com.automation.steps.HomeSteps.verifyCurrencyOptionsAreDisplayed(HomeSteps.java:245)
	at &#10045;.verify currency options are displayed(file:///C:/Users/280683/Downloads/PlaywrightAumomationAirbnb/src/test/resources/features/Currency.feature:8)
Caused by: com.microsoft.playwright.impl.DriverException: Error {
  message='Error: strict mode violation: locator(&quot;//h2[@elementtiming='LCP-target']&quot;) resolved to 3 elements:
    1) &lt;h2 tabindex=&quot;-1&quot; elementtiming=&quot;LCP-target&quot; class=&quot;&hellip;&gt;Suggested languages and regions&lt;/h2&gt; aka getByText(&quot;Suggested languages and&quot;)
    2) &lt;h2 tabindex=&quot;-1&quot; elementtiming=&quot;LCP-target&quot; class=&quot;&hellip;&gt;Choose a language and region&lt;/h2&gt; aka getByText(&quot;Choose a language and region&quot;)
    3) &lt;h2 tabindex=&quot;-1&quot; elementtiming=&quot;LCP-target&quot; class=&quot;&hellip;&gt;Choose a currency&lt;/h2&gt; aka getByRole(AriaRole.HEADING, new Page.GetByRoleOptions().setName(&quot;Choose a currency&quot;))

  name='Error
  stack='Error: Error: strict mode violation: locator(&quot;//h2[@elementtiming='LCP-target']&quot;) resolved to 3 elements:
    1) &lt;h2 tabindex=&quot;-1&quot; elementtiming=&quot;LCP-target&quot; class=&quot;&hellip;&gt;Suggested languages and regions&lt;/h2&gt; aka getByText(&quot;Suggested languages and&quot;)
    2) &lt;h2 tabindex=&quot;-1&quot; elementtiming=&quot;LCP-target&quot; class=&quot;&hellip;&gt;Choose a language and region&lt;/h2&gt; aka getByText(&quot;Choose a language and region&quot;)
    3) &lt;h2 tabindex=&quot;-1&quot; elementtiming=&quot;LCP-target&quot; class=&quot;&hellip;&gt;Choose a currency&lt;/h2&gt; aka getByRole(AriaRole.HEADING, new Page.GetByRoleOptions().setName(&quot;Choose a currency&quot;))

    at CRExecutionContext.evaluateWithArguments (C:\Users\280683\AppData\Local\Temp\playwright-java-1701699041182769527\package\lib\server\chromium\crExecutionContext.js:92:33)
    at async LongStandingScope._race (C:\Users\280683\AppData\Local\Temp\playwright-java-1701699041182769527\package\lib\utils\manualPromise.js:96:14)
    at async evaluateExpression (C:\Users\280683\AppData\Local\Temp\playwright-java-1701699041182769527\package\lib\server\javascript.js:241:12)
    at async Frame.isVisibleInternal (C:\Users\280683\AppData\Local\Temp\playwright-java-1701699041182769527\package\lib\server\frames.js:1131:14)
    at async C:\Users\280683\AppData\Local\Temp\playwright-java-1701699041182769527\package\lib\server\frames.js:1124:14
    at async ProgressController.run (C:\Users\280683\AppData\Local\Temp\playwright-java-1701699041182769527\package\lib\server\progress.js:82:22)
    at async FrameDispatcher.isVisible (C:\Users\280683\AppData\Local\Temp\playwright-java-1701699041182769527\package\lib\server\dispatchers\frameDispatcher.js:233:14)
    at async LongStandingScope._race (C:\Users\280683\AppData\Local\Temp\playwright-java-1701699041182769527\package\lib\utils\manualPromise.js:96:14)
    at async FrameDispatcher._handleCommand (C:\Users\280683\AppData\Local\Temp\playwright-java-1701699041182769527\package\lib\server\dispatchers\dispatcher.js:96:14)
    at async DispatcherConnection.dispatch (C:\Users\280683\AppData\Local\Temp\playwright-java-1701699041182769527\package\lib\server\dispatchers\dispatcher.js:361:22)
}
Call log:
-   checking visibility of locator(&quot;//h2[@elementtiming='LCP-target']&quot;)

	at com.microsoft.playwright.impl.Connection.dispatch(Connection.java:259)
	at com.microsoft.playwright.impl.Connection.processOneMessage(Connection.java:211)
	at com.microsoft.playwright.impl.ChannelOwner.runUntil(ChannelOwner.java:118)
	at com.microsoft.playwright.impl.Connection.sendMessage(Connection.java:130)
	at com.microsoft.playwright.impl.ChannelOwner.sendMessage(ChannelOwner.java:106)
	at com.microsoft.playwright.impl.FrameImpl.isVisibleImpl(FrameImpl.java:641)
	at com.microsoft.playwright.impl.FrameImpl.lambda$isVisible$29(FrameImpl.java:627)
	at com.microsoft.playwright.impl.LoggingSupport.withLogging(LoggingSupport.java:47)
	at com.microsoft.playwright.impl.ChannelOwner.withLogging(ChannelOwner.java:89)
	at com.microsoft.playwright.impl.FrameImpl.isVisible(FrameImpl.java:627)
	at com.microsoft.playwright.impl.LocatorImpl.isVisible(LocatorImpl.java:416)
	at com.microsoft.playwright.Locator.isVisible(Locator.java:4064)
	at com.automation.pages.HomePage.lineOnCurrency(HomePage.java:354)
	at com.automation.steps.HomeSteps.verifyCurrencyOptionsAreDisplayed(HomeSteps.java:245)
	at java.base/jdk.internal.reflect.NativeMethodAccessorImpl.invoke0(Native Method)
	at java.base/jdk.internal.reflect.NativeMethodAccessorImpl.invoke(NativeMethodAccessorImpl.java:77)
	at java.base/jdk.internal.reflect.DelegatingMethodAccessorImpl.invoke(DelegatingMethodAccessorImpl.java:43)
	at java.base/java.lang.reflect.Method.invoke(Method.java:569)
	at io.cucumber.java.Invoker.doInvoke(Invoker.java:66)
	at io.cucumber.java.Invoker.invoke(Invoker.java:24)
	at io.cucumber.java.AbstractGlueDefinition.invokeMethod(AbstractGlueDefinition.java:47)
	at io.cucumber.java.JavaStepDefinition.execute(JavaStepDefinition.java:29)
	at io.cucumber.core.runner.CoreStepDefinition.execute(CoreStepDefinition.java:66)
	at io.cucumber.core.runner.PickleStepDefinitionMatch.runStep(PickleStepDefinitionMatch.java:63)
	at io.cucumber.core.runner.ExecutionMode$1.execute(ExecutionMode.java:10)
	at io.cucumber.core.runner.TestStep.executeStep(TestStep.java:81)
	at io.cucumber.core.runner.TestStep.run(TestStep.java:53)
	at io.cucumber.core.runner.PickleStepTestStep.run(PickleStepTestStep.java:51)
	at io.cucumber.core.runner.TestCase.run(TestCase.java:84)
	at io.cucumber.core.runner.Runner.runPickle(Runner.java:75)
	at io.cucumber.junit.PickleRunners$NoStepDescriptions.lambda$run$0(PickleRunners.java:151)
	at io.cucumber.core.runtime.CucumberExecutionContext.lambda$runTestCase$5(CucumberExecutionContext.java:136)
	at io.cucumber.core.runtime.RethrowingThrowableCollector.executeAndThrow(RethrowingThrowableCollector.java:23)
	at io.cucumber.core.runtime.CucumberExecutionContext.runTestCase(CucumberExecutionContext.java:136)
	at io.cucumber.junit.PickleRunners$NoStepDescriptions.run(PickleRunners.java:148)
	at io.cucumber.junit.FeatureRunner.runChild(FeatureRunner.java:144)
	at io.cucumber.junit.FeatureRunner.runChild(FeatureRunner.java:28)
	at org.junit.runners.ParentRunner$4.run(ParentRunner.java:331)
	at org.junit.runners.ParentRunner$1.schedule(ParentRunner.java:79)
	at org.junit.runners.ParentRunner.runChildren(ParentRunner.java:329)
	at org.junit.runners.ParentRunner.access$100(ParentRunner.java:66)
	at org.junit.runners.ParentRunner$2.evaluate(ParentRunner.java:293)
	at org.junit.runners.ParentRunner$3.evaluate(ParentRunner.java:306)
	at org.junit.runners.ParentRunner.run(ParentRunner.java:413)
	at io.cucumber.junit.FeatureRunner.run(FeatureRunner.java:137)
	at io.cucumber.junit.Cucumber.runChild(Cucumber.java:196)
	at io.cucumber.junit.Cucumber.runChild(Cucumber.java:89)
	at org.junit.runners.ParentRunner$4.run(ParentRunner.java:331)
	at org.junit.runners.ParentRunner$1.schedule(ParentRunner.java:79)
	at org.junit.runners.ParentRunner.runChildren(ParentRunner.java:329)
	at org.junit.runners.ParentRunner.access$100(ParentRunner.java:66)
	at org.junit.runners.ParentRunner$2.evaluate(ParentRunner.java:293)
	at io.cucumber.core.runtime.CucumberExecutionContext.lambda$runFeatures$6(CucumberExecutionContext.java:147)
	at io.cucumber.core.runtime.CucumberExecutionContext.execute(CucumberExecutionContext.java:162)
	at io.cucumber.core.runtime.CucumberExecutionContext.runFeatures(CucumberExecutionContext.java:145)
	at io.cucumber.junit.Cucumber$StartAndFinishTestRun.evaluate(Cucumber.java:226)
	at org.junit.runners.ParentRunner$3.evaluate(ParentRunner.java:306)
	at org.junit.runners.ParentRunner.run(ParentRunner.java:413)
	at org.apache.maven.surefire.junit4.JUnit4Provider.execute(JUnit4Provider.java:316)
	at org.apache.maven.surefire.junit4.JUnit4Provider.executeWithRerun(JUnit4Provider.java:240)
	at org.apache.maven.surefire.junit4.JUnit4Provider.executeTestSet(JUnit4Provider.java:214)
	at org.apache.maven.surefire.junit4.JUnit4Provider.invoke(JUnit4Provider.java:155)
	at org.apache.maven.surefire.booter.ForkedBooter.runSuitesInProcess(ForkedBooter.java:385)
	at org.apache.maven.surefire.booter.ForkedBooter.execute(ForkedBooter.java:162)
	at org.apache.maven.surefire.booter.ForkedBooter.run(ForkedBooter.java:507)
	at org.apache.maven.surefire.booter.ForkedBooter.main(ForkedBooter.java:495)
</pre>
      </div>
    </div>
  </div>


        
        

        

        
  
      </div>
          <div class="step">
        
<div class="brief skipped">
  <span class="keyword indention">And</span>
  <span class="name">select the currency</span>
  
  <span class="lead-duration duration">000ms</span>

  </div>

        


        
        

        

        
  
      </div>
          <div class="step">
        
<div class="brief skipped">
  <span class="keyword indention">Then</span>
  <span class="name">verify currency is changed to the selected currency</span>
  
  <span class="lead-duration duration">000ms</span>

  </div>

        


        
        

        

        
  
      </div>
      </div>
</div>


    
  <div class="inner-level hooks-after">
        <div data-toggle="collapse" class=" collapsed  collapsable-control" data-target="#after-10">
      
<div class="brief passed">
  <span class="keyword indention">Hooks</span>
  <span class="name"></span>
  

       <i class="chevron fa fa-fw"></i>
  </div>

    </div>

    <div id="after-10" class="inner-level collapse collapsable-details ">
              <div class="hook">
          <div class="brief passed">
            <span class="keyword indention">After</span>
                          <span class="location name">com.automation.steps.Hooks.cleanUp()</span>
                        
  <span class="lead-duration duration">1s 756ms</span>

          </div>

                      

          
          
  
        </div>
          </div>
  </div>

  </div>
</div>

                      
<div class="element">
      <div class="indention">
      <b>Feature:</b>
      <a href="report-feature_file-src-test-resources-features-Hosting-feature.html">Validate hosting functionality</a>
    </div>
  
  
<div class="tags indention">
  </div>


    <span data-toggle="collapse" class=" collapsable-control" data-target="#element-11">
    
<div class="brief failed">
  <span class="keyword indention">Scenario</span>
  <span class="name">Verify hosting</span>
  

       <i class="chevron fa fa-fw"></i>
  </div>

  </span>
  <div class="description indention"></div>

  <div id="element-11" class="collapse collapsable-details  in ">
    
  <div class="inner-level hooks-before">
        <div data-toggle="collapse" class=" collapsed  collapsable-control" data-target="#before-12">
      
<div class="brief passed">
  <span class="keyword indention">Hooks</span>
  <span class="name"></span>
  

       <i class="chevron fa fa-fw"></i>
  </div>

    </div>

    <div id="before-12" class="inner-level collapse collapsable-details ">
              <div class="hook">
          <div class="brief passed">
            <span class="keyword indention">Before</span>
                          <span class="location name">com.automation.steps.Hooks.setUp()</span>
                        
  <span class="lead-duration duration">7s 096ms</span>

          </div>

                      

          
          
  
        </div>
          </div>
  </div>


    
<div class="steps inner-level">
    <div data-toggle="collapse" class=" collapsable-control" data-target="#steps-13">
    
<div class="brief failed">
  <span class="keyword indention">Steps</span>
  <span class="name"></span>
  

       <i class="chevron fa fa-fw"></i>
  </div>

  </div>

  <div id="steps-13" class="inner-level collapse collapsable-details  in ">
          <div class="step">
        
<div class="brief passed">
  <span class="keyword indention">And</span>
  <span class="name">verify user is on homepage</span>
  
  <span class="lead-duration duration">551ms</span>

  </div>

        


        
        

        

        
  
      </div>
          <div class="step">
        
<div class="brief passed">
  <span class="keyword indention">When</span>
  <span class="name">user clicks on Airbnb your home</span>
  
  <span class="lead-duration duration">704ms</span>

  </div>

        


        
        

        

        
  
      </div>
          <div class="step">
        
<div class="brief failed">
  <span class="keyword indention">Then</span>
  <span class="name">verify Airbnb your home is displayed with text</span>
  
  <span class="lead-duration duration">001ms</span>

  </div>

        

  <div class="inner-level">
    <div class="message indention">
      <div data-toggle="collapse" class="collapsable-control" data-target="#msg-14">
          <a>Error message</a>
      </div>
      <div id="msg-14" class="collapse collapsable-details">
        <pre>java.lang.NullPointerException: Cannot invoke &quot;com.automation.pages.AirbnbYourHomePage.verifyAirbnbYourHomeMessage(String)&quot; because &quot;this.airbnbYourHomePage&quot; is null
	at com.automation.steps.AirbnbYourHomeSteps.verify_airbnb_your_home_is_displayed_with_text(AirbnbYourHomeSteps.java:23)
	at &#10045;.verify Airbnb your home is displayed with text(file:///C:/Users/280683/Downloads/PlaywrightAumomationAirbnb/src/test/resources/features/Hosting.feature:9)
</pre>
      </div>
    </div>
  </div>


                  <table class="step-arguments">
                          <tr>
                                  <td>You could earn</td>
                              </tr>
                      </table>
        
        

        

        
  
      </div>
      </div>
</div>


    
  <div class="inner-level hooks-after">
        <div data-toggle="collapse" class=" collapsed  collapsable-control" data-target="#after-15">
      
<div class="brief passed">
  <span class="keyword indention">Hooks</span>
  <span class="name"></span>
  

       <i class="chevron fa fa-fw"></i>
  </div>

    </div>

    <div id="after-15" class="inner-level collapse collapsable-details ">
              <div class="hook">
          <div class="brief passed">
            <span class="keyword indention">After</span>
                          <span class="location name">com.automation.steps.Hooks.cleanUp()</span>
                        
  <span class="lead-duration duration">873ms</span>

          </div>

                      

          
          
  
        </div>
          </div>
  </div>

  </div>
</div>

                      
<div class="element">
      <div class="indention">
      <b>Feature:</b>
      <a href="report-feature_file-src-test-resources-features-Hosting-feature.html">Validate hosting functionality</a>
    </div>
  
  
<div class="tags indention">
  </div>


    <span data-toggle="collapse" class=" collapsable-control" data-target="#element-16">
    
<div class="brief failed">
  <span class="keyword indention">Scenario</span>
  <span class="name">Verify hosting page price slider</span>
  

       <i class="chevron fa fa-fw"></i>
  </div>

  </span>
  <div class="description indention"></div>

  <div id="element-16" class="collapse collapsable-details  in ">
    
  <div class="inner-level hooks-before">
        <div data-toggle="collapse" class=" collapsed  collapsable-control" data-target="#before-17">
      
<div class="brief passed">
  <span class="keyword indention">Hooks</span>
  <span class="name"></span>
  

       <i class="chevron fa fa-fw"></i>
  </div>

    </div>

    <div id="before-17" class="inner-level collapse collapsable-details ">
              <div class="hook">
          <div class="brief passed">
            <span class="keyword indention">Before</span>
                          <span class="location name">com.automation.steps.Hooks.setUp()</span>
                        
  <span class="lead-duration duration">7s 011ms</span>

          </div>

                      

          
          
  
        </div>
          </div>
  </div>


    
<div class="steps inner-level">
    <div data-toggle="collapse" class=" collapsable-control" data-target="#steps-18">
    
<div class="brief failed">
  <span class="keyword indention">Steps</span>
  <span class="name"></span>
  

       <i class="chevron fa fa-fw"></i>
  </div>

  </div>

  <div id="steps-18" class="inner-level collapse collapsable-details  in ">
          <div class="step">
        
<div class="brief passed">
  <span class="keyword indention">And</span>
  <span class="name">verify user is on homepage</span>
  
  <span class="lead-duration duration">142ms</span>

  </div>

        


        
        

        

        
  
      </div>
          <div class="step">
        
<div class="brief passed">
  <span class="keyword indention">When</span>
  <span class="name">user clicks on Airbnb your home</span>
  
  <span class="lead-duration duration">602ms</span>

  </div>

        


        
        

        

        
  
      </div>
          <div class="step">
        
<div class="brief failed">
  <span class="keyword indention">Then</span>
  <span class="name">verify Airbnb your home is displayed with text</span>
  
  <span class="lead-duration duration">000ms</span>

  </div>

        

  <div class="inner-level">
    <div class="message indention">
      <div data-toggle="collapse" class="collapsable-control" data-target="#msg-19">
          <a>Error message</a>
      </div>
      <div id="msg-19" class="collapse collapsable-details">
        <pre>java.lang.NullPointerException: Cannot invoke &quot;com.automation.pages.AirbnbYourHomePage.verifyAirbnbYourHomeMessage(String)&quot; because &quot;this.airbnbYourHomePage&quot; is null
	at com.automation.steps.AirbnbYourHomeSteps.verify_airbnb_your_home_is_displayed_with_text(AirbnbYourHomeSteps.java:23)
	at &#10045;.verify Airbnb your home is displayed with text(file:///C:/Users/280683/Downloads/PlaywrightAumomationAirbnb/src/test/resources/features/Hosting.feature:15)
</pre>
      </div>
    </div>
  </div>


                  <table class="step-arguments">
                          <tr>
                                  <td>You could earn</td>
                              </tr>
                      </table>
        
        

        

        
  
      </div>
          <div class="step">
        
<div class="brief skipped">
  <span class="keyword indention">When</span>
  <span class="name">user uses slider</span>
  
  <span class="lead-duration duration">000ms</span>

  </div>

        


        
        

        

        
  
      </div>
          <div class="step">
        
<div class="brief skipped">
  <span class="keyword indention">Then</span>
  <span class="name">verify the price is changing</span>
  
  <span class="lead-duration duration">000ms</span>

  </div>

        


        
        

        

        
  
      </div>
      </div>
</div>


    
  <div class="inner-level hooks-after">
        <div data-toggle="collapse" class=" collapsed  collapsable-control" data-target="#after-20">
      
<div class="brief passed">
  <span class="keyword indention">Hooks</span>
  <span class="name"></span>
  

       <i class="chevron fa fa-fw"></i>
  </div>

    </div>

    <div id="after-20" class="inner-level collapse collapsable-details ">
              <div class="hook">
          <div class="brief passed">
            <span class="keyword indention">After</span>
                          <span class="location name">com.automation.steps.Hooks.cleanUp()</span>
                        
  <span class="lead-duration duration">1s 038ms</span>

          </div>

                      

          
          
  
        </div>
          </div>
  </div>

  </div>
</div>

                      
<div class="element">
      <div class="indention">
      <b>Feature:</b>
      <a href="report-feature_file-src-test-resources-features-Language-feature.html">Validate language functionality</a>
    </div>
  
  
<div class="tags indention">
  </div>


    <span data-toggle="collapse" class=" collapsable-control" data-target="#element-21">
    
<div class="brief failed">
  <span class="keyword indention">Scenario</span>
  <span class="name">Verify language option</span>
  

       <i class="chevron fa fa-fw"></i>
  </div>

  </span>
  <div class="description indention"></div>

  <div id="element-21" class="collapse collapsable-details  in ">
    
  <div class="inner-level hooks-before">
        <div data-toggle="collapse" class=" collapsed  collapsable-control" data-target="#before-22">
      
<div class="brief passed">
  <span class="keyword indention">Hooks</span>
  <span class="name"></span>
  

       <i class="chevron fa fa-fw"></i>
  </div>

    </div>

    <div id="before-22" class="inner-level collapse collapsable-details ">
              <div class="hook">
          <div class="brief passed">
            <span class="keyword indention">Before</span>
                          <span class="location name">com.automation.steps.Hooks.setUp()</span>
                        
  <span class="lead-duration duration">7s 402ms</span>

          </div>

                      

          
          
  
        </div>
          </div>
  </div>


    
<div class="steps inner-level">
    <div data-toggle="collapse" class=" collapsable-control" data-target="#steps-23">
    
<div class="brief failed">
  <span class="keyword indention">Steps</span>
  <span class="name"></span>
  

       <i class="chevron fa fa-fw"></i>
  </div>

  </div>

  <div id="steps-23" class="inner-level collapse collapsable-details  in ">
          <div class="step">
        
<div class="brief passed">
  <span class="keyword indention">Given</span>
  <span class="name">user opens website</span>
  
  <span class="lead-duration duration">3s 509ms</span>

  </div>

        


        
        

        

        
  
      </div>
          <div class="step">
        
<div class="brief passed">
  <span class="keyword indention">And</span>
  <span class="name">verify user is on homepage</span>
  
  <span class="lead-duration duration">503ms</span>

  </div>

        


        
        

        

        
  
      </div>
          <div class="step">
        
<div class="brief passed">
  <span class="keyword indention">When</span>
  <span class="name">user clicks on global icon</span>
  
  <span class="lead-duration duration">1s 716ms</span>

  </div>

        


        
        

        

        
  
      </div>
          <div class="step">
        
<div class="brief failed">
  <span class="keyword indention">Then</span>
  <span class="name">verify language options are displayed</span>
  
  <span class="lead-duration duration">005ms</span>

  </div>

        

  <div class="inner-level">
    <div class="message indention">
      <div data-toggle="collapse" class="collapsable-control" data-target="#msg-24">
          <a>Error message</a>
      </div>
      <div id="msg-24" class="collapse collapsable-details">
        <pre>java.lang.AssertionError
	at org.junit.Assert.fail(Assert.java:87)
	at org.junit.Assert.assertTrue(Assert.java:42)
	at org.junit.Assert.assertTrue(Assert.java:53)
	at com.automation.steps.HomeSteps.verify_language_options_are_displayed(HomeSteps.java:227)
	at &#10045;.verify language options are displayed(file:///C:/Users/280683/Downloads/PlaywrightAumomationAirbnb/src/test/resources/features/Language.feature:7)
</pre>
      </div>
    </div>
  </div>


        
        

        

        
  
      </div>
          <div class="step">
        
<div class="brief skipped">
  <span class="keyword indention">When</span>
  <span class="name">user clicks on language</span>
  
  <span class="lead-duration duration">000ms</span>

  </div>

        


        
        

        

        
  
      </div>
          <div class="step">
        
<div class="brief skipped">
  <span class="keyword indention">Then</span>
  <span class="name">verify user is on homepage</span>
  
  <span class="lead-duration duration">000ms</span>

  </div>

        


        
        

        

        
  
      </div>
          <div class="step">
        
<div class="brief skipped">
  <span class="keyword indention">When</span>
  <span class="name">user clicks on global icon</span>
  
  <span class="lead-duration duration">000ms</span>

  </div>

        


        
        

        

        
  
      </div>
          <div class="step">
        
<div class="brief skipped">
  <span class="keyword indention">Then</span>
  <span class="name">verify language is changed to the selected language</span>
  
  <span class="lead-duration duration">000ms</span>

  </div>

        


        
        

        

        
  
      </div>
      </div>
</div>


    
  <div class="inner-level hooks-after">
        <div data-toggle="collapse" class=" collapsed  collapsable-control" data-target="#after-25">
      
<div class="brief passed">
  <span class="keyword indention">Hooks</span>
  <span class="name"></span>
  

       <i class="chevron fa fa-fw"></i>
  </div>

    </div>

    <div id="after-25" class="inner-level collapse collapsable-details ">
              <div class="hook">
          <div class="brief passed">
            <span class="keyword indention">After</span>
                          <span class="location name">com.automation.steps.Hooks.cleanUp()</span>
                        
  <span class="lead-duration duration">862ms</span>

          </div>

                      

          
          
  
        </div>
          </div>
  </div>

  </div>
</div>

                      
<div class="element">
      <div class="indention">
      <b>Feature:</b>
      <a href="report-feature_file-src-test-resources-features-Destination-feature.html">Validate stays functionalities</a>
    </div>
  
  
<div class="tags indention">
  </div>


    <span data-toggle="collapse" class=" collapsable-control" data-target="#element-26">
    
<div class="brief failed">
  <span class="keyword indention">Scenario</span>
  <span class="name">Verify searching destination for stays functionality</span>
  

       <i class="chevron fa fa-fw"></i>
  </div>

  </span>
  <div class="description indention"></div>

  <div id="element-26" class="collapse collapsable-details  in ">
    
  <div class="inner-level hooks-before">
        <div data-toggle="collapse" class=" collapsed  collapsable-control" data-target="#before-27">
      
<div class="brief passed">
  <span class="keyword indention">Hooks</span>
  <span class="name"></span>
  

       <i class="chevron fa fa-fw"></i>
  </div>

    </div>

    <div id="before-27" class="inner-level collapse collapsable-details ">
              <div class="hook">
          <div class="brief passed">
            <span class="keyword indention">Before</span>
                          <span class="location name">com.automation.steps.Hooks.setUp()</span>
                        
  <span class="lead-duration duration">6s 917ms</span>

          </div>

                      

          
          
  
        </div>
          </div>
  </div>


    
<div class="steps inner-level">
    <div data-toggle="collapse" class=" collapsable-control" data-target="#steps-28">
    
<div class="brief failed">
  <span class="keyword indention">Steps</span>
  <span class="name"></span>
  

       <i class="chevron fa fa-fw"></i>
  </div>

  </div>

  <div id="steps-28" class="inner-level collapse collapsable-details  in ">
          <div class="step">
        
<div class="brief passed">
  <span class="keyword indention">Given</span>
  <span class="name">user opens website</span>
  
  <span class="lead-duration duration">6s 278ms</span>

  </div>

        


        
        

        

        
  
      </div>
          <div class="step">
        
<div class="brief passed">
  <span class="keyword indention">And</span>
  <span class="name">verify user is on homepage</span>
  
  <span class="lead-duration duration">237ms</span>

  </div>

        


        
        

        

        
  
      </div>
          <div class="step">
        
<div class="brief passed">
  <span class="keyword indention">When</span>
  <span class="name">user clicks on where</span>
  
  <span class="lead-duration duration">593ms</span>

  </div>

        


        
        

        

        
  
      </div>
          <div class="step">
        
<div class="brief passed">
  <span class="keyword indention">Then</span>
  <span class="name">user selects destination by &quot;region&quot;</span>
  
  <span class="lead-duration duration">575ms</span>

  </div>

        


        
        

        

        
  
      </div>
          <div class="step">
        
<div class="brief passed">
  <span class="keyword indention">And</span>
  <span class="name">select check in and check out date</span>
  
  <span class="lead-duration duration">2s 315ms</span>

  </div>

        


        
        

        

        
  
      </div>
          <div class="step">
        
<div class="brief passed">
  <span class="keyword indention">And</span>
  <span class="name">select number of people</span>
  
  <span class="lead-duration duration">753ms</span>

  </div>

        


        
        

        

        
  
      </div>
          <div class="step">
        
<div class="brief passed">
  <span class="keyword indention">When</span>
  <span class="name">user click on search button</span>
  
  <span class="lead-duration duration">261ms</span>

  </div>

        


        
        

        

        
  
      </div>
          <div class="step">
        
<div class="brief passed">
  <span class="keyword indention">Then</span>
  <span class="name">verify searched page is displayed</span>
  
  <span class="lead-duration duration">003ms</span>

  </div>

        


        
        

        

        
  
      </div>
          <div class="step">
        
<div class="brief failed">
  <span class="keyword indention">When</span>
  <span class="name">user selects first card</span>
  
  <span class="lead-duration duration">33s 563ms</span>

  </div>

        

  <div class="inner-level">
    <div class="message indention">
      <div data-toggle="collapse" class="collapsable-control" data-target="#msg-29">
          <a>Error message</a>
      </div>
      <div id="msg-29" class="collapse collapsable-details">
        <pre>com.microsoft.playwright.TimeoutError: Error {
  message='Timeout 30000ms exceeded.
  name='TimeoutError
  stack='TimeoutError: Timeout 30000ms exceeded.
    at ProgressController.run (C:\Users\280683\AppData\Local\Temp\playwright-java-1701699041182769527\package\lib\server\progress.js:78:26)
    at Frame.click (C:\Users\280683\AppData\Local\Temp\playwright-java-1701699041182769527\package\lib\server\frames.js:1007:23)
    at FrameDispatcher.click (C:\Users\280683\AppData\Local\Temp\playwright-java-1701699041182769527\package\lib\server\dispatchers\frameDispatcher.js:158:30)
    at FrameDispatcher._handleCommand (C:\Users\280683\AppData\Local\Temp\playwright-java-1701699041182769527\package\lib\server\dispatchers\dispatcher.js:94:40)
    at DispatcherConnection.dispatch (C:\Users\280683\AppData\Local\Temp\playwright-java-1701699041182769527\package\lib\server\dispatchers\dispatcher.js:361:39)
}
Call log:
- waiting for locator(&quot;//button[@aria-label='Close']&quot;)

	at com.microsoft.playwright.impl.WaitableResult.get(WaitableResult.java:52)
	at com.microsoft.playwright.impl.ChannelOwner.runUntil(ChannelOwner.java:120)
	at com.microsoft.playwright.impl.Connection.sendMessage(Connection.java:130)
	at com.microsoft.playwright.impl.ChannelOwner.sendMessage(ChannelOwner.java:106)
	at com.microsoft.playwright.impl.FrameImpl.clickImpl(FrameImpl.java:252)
	at com.microsoft.playwright.impl.FrameImpl.lambda$click$8(FrameImpl.java:243)
	at com.microsoft.playwright.impl.LoggingSupport.lambda$withLogging$0(LoggingSupport.java:36)
	at com.microsoft.playwright.impl.LoggingSupport.withLogging(LoggingSupport.java:47)
	at com.microsoft.playwright.impl.ChannelOwner.withLogging(ChannelOwner.java:89)
	at com.microsoft.playwright.impl.LoggingSupport.withLogging(LoggingSupport.java:35)
	at com.microsoft.playwright.impl.FrameImpl.click(FrameImpl.java:243)
	at com.microsoft.playwright.impl.LocatorImpl.click(LocatorImpl.java:160)
	at com.microsoft.playwright.Locator.click(Locator.java:2468)
	at com.automation.pages.BookingPage.clickOnFirstCard(BookingPage.java:35)
	at com.automation.steps.BookingSteps.user_selects_first_card(BookingSteps.java:22)
	at &#10045;.user selects first card(file:///C:/Users/280683/Downloads/PlaywrightAumomationAirbnb/src/test/resources/features/Destination.feature:12)
Caused by: com.microsoft.playwright.TimeoutError: Error {
  message='Timeout 30000ms exceeded.
  name='TimeoutError
  stack='TimeoutError: Timeout 30000ms exceeded.
    at ProgressController.run (C:\Users\280683\AppData\Local\Temp\playwright-java-1701699041182769527\package\lib\server\progress.js:78:26)
    at Frame.click (C:\Users\280683\AppData\Local\Temp\playwright-java-1701699041182769527\package\lib\server\frames.js:1007:23)
    at FrameDispatcher.click (C:\Users\280683\AppData\Local\Temp\playwright-java-1701699041182769527\package\lib\server\dispatchers\frameDispatcher.js:158:30)
    at FrameDispatcher._handleCommand (C:\Users\280683\AppData\Local\Temp\playwright-java-1701699041182769527\package\lib\server\dispatchers\dispatcher.js:94:40)
    at DispatcherConnection.dispatch (C:\Users\280683\AppData\Local\Temp\playwright-java-1701699041182769527\package\lib\server\dispatchers\dispatcher.js:361:39)
}
Call log:
- waiting for locator(&quot;//button[@aria-label='Close']&quot;)

	at com.microsoft.playwright.impl.Connection.dispatch(Connection.java:254)
	at com.microsoft.playwright.impl.Connection.processOneMessage(Connection.java:211)
	at com.microsoft.playwright.impl.ChannelOwner.runUntil(ChannelOwner.java:118)
	at com.microsoft.playwright.impl.Connection.sendMessage(Connection.java:130)
	at com.microsoft.playwright.impl.ChannelOwner.sendMessage(ChannelOwner.java:106)
	at com.microsoft.playwright.impl.FrameImpl.clickImpl(FrameImpl.java:252)
	at com.microsoft.playwright.impl.FrameImpl.lambda$click$8(FrameImpl.java:243)
	at com.microsoft.playwright.impl.LoggingSupport.lambda$withLogging$0(LoggingSupport.java:36)
	at com.microsoft.playwright.impl.LoggingSupport.withLogging(LoggingSupport.java:47)
	at com.microsoft.playwright.impl.ChannelOwner.withLogging(ChannelOwner.java:89)
	at com.microsoft.playwright.impl.LoggingSupport.withLogging(LoggingSupport.java:35)
	at com.microsoft.playwright.impl.FrameImpl.click(FrameImpl.java:243)
	at com.microsoft.playwright.impl.LocatorImpl.click(LocatorImpl.java:160)
	at com.microsoft.playwright.Locator.click(Locator.java:2468)
	at com.automation.pages.BookingPage.clickOnFirstCard(BookingPage.java:35)
	at com.automation.steps.BookingSteps.user_selects_first_card(BookingSteps.java:22)
	at java.base/jdk.internal.reflect.NativeMethodAccessorImpl.invoke0(Native Method)
	at java.base/jdk.internal.reflect.NativeMethodAccessorImpl.invoke(NativeMethodAccessorImpl.java:77)
	at java.base/jdk.internal.reflect.DelegatingMethodAccessorImpl.invoke(DelegatingMethodAccessorImpl.java:43)
	at java.base/java.lang.reflect.Method.invoke(Method.java:569)
	at io.cucumber.java.Invoker.doInvoke(Invoker.java:66)
	at io.cucumber.java.Invoker.invoke(Invoker.java:24)
	at io.cucumber.java.AbstractGlueDefinition.invokeMethod(AbstractGlueDefinition.java:47)
	at io.cucumber.java.JavaStepDefinition.execute(JavaStepDefinition.java:29)
	at io.cucumber.core.runner.CoreStepDefinition.execute(CoreStepDefinition.java:66)
	at io.cucumber.core.runner.PickleStepDefinitionMatch.runStep(PickleStepDefinitionMatch.java:63)
	at io.cucumber.core.runner.ExecutionMode$1.execute(ExecutionMode.java:10)
	at io.cucumber.core.runner.TestStep.executeStep(TestStep.java:81)
	at io.cucumber.core.runner.TestStep.run(TestStep.java:53)
	at io.cucumber.core.runner.PickleStepTestStep.run(PickleStepTestStep.java:51)
	at io.cucumber.core.runner.TestCase.run(TestCase.java:84)
	at io.cucumber.core.runner.Runner.runPickle(Runner.java:75)
	at io.cucumber.junit.PickleRunners$NoStepDescriptions.lambda$run$0(PickleRunners.java:151)
	at io.cucumber.core.runtime.CucumberExecutionContext.lambda$runTestCase$5(CucumberExecutionContext.java:136)
	at io.cucumber.core.runtime.RethrowingThrowableCollector.executeAndThrow(RethrowingThrowableCollector.java:23)
	at io.cucumber.core.runtime.CucumberExecutionContext.runTestCase(CucumberExecutionContext.java:136)
	at io.cucumber.junit.PickleRunners$NoStepDescriptions.run(PickleRunners.java:148)
	at io.cucumber.junit.FeatureRunner.runChild(FeatureRunner.java:144)
	at io.cucumber.junit.FeatureRunner.runChild(FeatureRunner.java:28)
	at org.junit.runners.ParentRunner$4.run(ParentRunner.java:331)
	at org.junit.runners.ParentRunner$1.schedule(ParentRunner.java:79)
	at org.junit.runners.ParentRunner.runChildren(ParentRunner.java:329)
	at org.junit.runners.ParentRunner.access$100(ParentRunner.java:66)
	at org.junit.runners.ParentRunner$2.evaluate(ParentRunner.java:293)
	at org.junit.runners.ParentRunner$3.evaluate(ParentRunner.java:306)
	at org.junit.runners.ParentRunner.run(ParentRunner.java:413)
	at io.cucumber.junit.FeatureRunner.run(FeatureRunner.java:137)
	at io.cucumber.junit.Cucumber.runChild(Cucumber.java:196)
	at io.cucumber.junit.Cucumber.runChild(Cucumber.java:89)
	at org.junit.runners.ParentRunner$4.run(ParentRunner.java:331)
	at org.junit.runners.ParentRunner$1.schedule(ParentRunner.java:79)
	at org.junit.runners.ParentRunner.runChildren(ParentRunner.java:329)
	at org.junit.runners.ParentRunner.access$100(ParentRunner.java:66)
	at org.junit.runners.ParentRunner$2.evaluate(ParentRunner.java:293)
	at io.cucumber.core.runtime.CucumberExecutionContext.lambda$runFeatures$6(CucumberExecutionContext.java:147)
	at io.cucumber.core.runtime.CucumberExecutionContext.execute(CucumberExecutionContext.java:162)
	at io.cucumber.core.runtime.CucumberExecutionContext.runFeatures(CucumberExecutionContext.java:145)
	at io.cucumber.junit.Cucumber$StartAndFinishTestRun.evaluate(Cucumber.java:226)
	at org.junit.runners.ParentRunner$3.evaluate(ParentRunner.java:306)
	at org.junit.runners.ParentRunner.run(ParentRunner.java:413)
	at org.apache.maven.surefire.junit4.JUnit4Provider.execute(JUnit4Provider.java:316)
	at org.apache.maven.surefire.junit4.JUnit4Provider.executeWithRerun(JUnit4Provider.java:240)
	at org.apache.maven.surefire.junit4.JUnit4Provider.executeTestSet(JUnit4Provider.java:214)
	at org.apache.maven.surefire.junit4.JUnit4Provider.invoke(JUnit4Provider.java:155)
	at org.apache.maven.surefire.booter.ForkedBooter.runSuitesInProcess(ForkedBooter.java:385)
	at org.apache.maven.surefire.booter.ForkedBooter.execute(ForkedBooter.java:162)
	at org.apache.maven.surefire.booter.ForkedBooter.run(ForkedBooter.java:507)
	at org.apache.maven.surefire.booter.ForkedBooter.main(ForkedBooter.java:495)
</pre>
      </div>
    </div>
  </div>


        
        

        

        
  
      </div>
          <div class="step">
        
<div class="brief skipped">
  <span class="keyword indention">Then</span>
  <span class="name">verify displayed details with the input details</span>
  
  <span class="lead-duration duration">000ms</span>

  </div>

        


        
        

        

        
  
      </div>
      </div>
</div>


    
  <div class="inner-level hooks-after">
        <div data-toggle="collapse" class=" collapsed  collapsable-control" data-target="#after-30">
      
<div class="brief passed">
  <span class="keyword indention">Hooks</span>
  <span class="name"></span>
  

       <i class="chevron fa fa-fw"></i>
  </div>

    </div>

    <div id="after-30" class="inner-level collapse collapsable-details ">
              <div class="hook">
          <div class="brief passed">
            <span class="keyword indention">After</span>
                          <span class="location name">com.automation.steps.Hooks.cleanUp()</span>
                        
  <span class="lead-duration duration">12s 360ms</span>

          </div>

                      

          
          
  
        </div>
          </div>
  </div>

  </div>
</div>

                      
<div class="element">
      <div class="indention">
      <b>Feature:</b>
      <a href="report-feature_file-src-test-resources-features-Destination-feature.html">Validate stays functionalities</a>
    </div>
  
  
<div class="tags indention">
  </div>


    <span data-toggle="collapse" class=" collapsable-control" data-target="#element-31">
    
<div class="brief failed">
  <span class="keyword indention">Scenario</span>
  <span class="name">Verify distribution and total price</span>
  

       <i class="chevron fa fa-fw"></i>
  </div>

  </span>
  <div class="description indention"></div>

  <div id="element-31" class="collapse collapsable-details  in ">
    
  <div class="inner-level hooks-before">
        <div data-toggle="collapse" class=" collapsed  collapsable-control" data-target="#before-32">
      
<div class="brief passed">
  <span class="keyword indention">Hooks</span>
  <span class="name"></span>
  

       <i class="chevron fa fa-fw"></i>
  </div>

    </div>

    <div id="before-32" class="inner-level collapse collapsable-details ">
              <div class="hook">
          <div class="brief passed">
            <span class="keyword indention">Before</span>
                          <span class="location name">com.automation.steps.Hooks.setUp()</span>
                        
  <span class="lead-duration duration">10s 557ms</span>

          </div>

                      

          
          
  
        </div>
          </div>
  </div>


    
<div class="steps inner-level">
    <div data-toggle="collapse" class=" collapsable-control" data-target="#steps-33">
    
<div class="brief failed">
  <span class="keyword indention">Steps</span>
  <span class="name"></span>
  

       <i class="chevron fa fa-fw"></i>
  </div>

  </div>

  <div id="steps-33" class="inner-level collapse collapsable-details  in ">
          <div class="step">
        
<div class="brief passed">
  <span class="keyword indention">Given</span>
  <span class="name">user opens website</span>
  
  <span class="lead-duration duration">7s 624ms</span>

  </div>

        


        
        

        

        
  
      </div>
          <div class="step">
        
<div class="brief passed">
  <span class="keyword indention">And</span>
  <span class="name">verify user is on homepage</span>
  
  <span class="lead-duration duration">496ms</span>

  </div>

        


        
        

        

        
  
      </div>
          <div class="step">
        
<div class="brief passed">
  <span class="keyword indention">When</span>
  <span class="name">user clicks on where</span>
  
  <span class="lead-duration duration">477ms</span>

  </div>

        


        
        

        

        
  
      </div>
          <div class="step">
        
<div class="brief passed">
  <span class="keyword indention">Then</span>
  <span class="name">user selects destination by &quot;region&quot;</span>
  
  <span class="lead-duration duration">969ms</span>

  </div>

        


        
        

        

        
  
      </div>
          <div class="step">
        
<div class="brief passed">
  <span class="keyword indention">And</span>
  <span class="name">select check in and check out date</span>
  
  <span class="lead-duration duration">1s 114ms</span>

  </div>

        


        
        

        

        
  
      </div>
          <div class="step">
        
<div class="brief passed">
  <span class="keyword indention">And</span>
  <span class="name">select number of people</span>
  
  <span class="lead-duration duration">396ms</span>

  </div>

        


        
        

        

        
  
      </div>
          <div class="step">
        
<div class="brief passed">
  <span class="keyword indention">When</span>
  <span class="name">user click on search button</span>
  
  <span class="lead-duration duration">251ms</span>

  </div>

        


        
        

        

        
  
      </div>
          <div class="step">
        
<div class="brief passed">
  <span class="keyword indention">Then</span>
  <span class="name">verify searched page is displayed</span>
  
  <span class="lead-duration duration">000ms</span>

  </div>

        


        
        

        

        
  
      </div>
          <div class="step">
        
<div class="brief passed">
  <span class="keyword indention">When</span>
  <span class="name">user selects any card</span>
  
  <span class="lead-duration duration">8s 176ms</span>

  </div>

        


        
        

        

        
  
      </div>
          <div class="step">
        
<div class="brief failed">
  <span class="keyword indention">Then</span>
  <span class="name">verify the price distribution is equals total price</span>
  
  <span class="lead-duration duration">30s 007ms</span>

  </div>

        

  <div class="inner-level">
    <div class="message indention">
      <div data-toggle="collapse" class="collapsable-control" data-target="#msg-34">
          <a>Error message</a>
      </div>
      <div id="msg-34" class="collapse collapsable-details">
        <pre>com.microsoft.playwright.TimeoutError: Error {
  message='Timeout 30000ms exceeded.
  name='TimeoutError
  stack='TimeoutError: Timeout 30000ms exceeded.
    at ProgressController.run (C:\Users\280683\AppData\Local\Temp\playwright-java-1701699041182769527\package\lib\server\progress.js:78:26)
    at Frame.click (C:\Users\280683\AppData\Local\Temp\playwright-java-1701699041182769527\package\lib\server\frames.js:1007:23)
    at FrameDispatcher.click (C:\Users\280683\AppData\Local\Temp\playwright-java-1701699041182769527\package\lib\server\dispatchers\frameDispatcher.js:158:30)
    at FrameDispatcher._handleCommand (C:\Users\280683\AppData\Local\Temp\playwright-java-1701699041182769527\package\lib\server\dispatchers\dispatcher.js:94:40)
    at DispatcherConnection.dispatch (C:\Users\280683\AppData\Local\Temp\playwright-java-1701699041182769527\package\lib\server\dispatchers\dispatcher.js:361:39)
}
Call log:
- waiting for locator(&quot;//button[@aria-label='Close']&quot;)

	at com.microsoft.playwright.impl.WaitableResult.get(WaitableResult.java:52)
	at com.microsoft.playwright.impl.ChannelOwner.runUntil(ChannelOwner.java:120)
	at com.microsoft.playwright.impl.Connection.sendMessage(Connection.java:130)
	at com.microsoft.playwright.impl.ChannelOwner.sendMessage(ChannelOwner.java:106)
	at com.microsoft.playwright.impl.FrameImpl.clickImpl(FrameImpl.java:252)
	at com.microsoft.playwright.impl.FrameImpl.lambda$click$8(FrameImpl.java:243)
	at com.microsoft.playwright.impl.LoggingSupport.lambda$withLogging$0(LoggingSupport.java:36)
	at com.microsoft.playwright.impl.LoggingSupport.withLogging(LoggingSupport.java:47)
	at com.microsoft.playwright.impl.ChannelOwner.withLogging(ChannelOwner.java:89)
	at com.microsoft.playwright.impl.LoggingSupport.withLogging(LoggingSupport.java:35)
	at com.microsoft.playwright.impl.FrameImpl.click(FrameImpl.java:243)
	at com.microsoft.playwright.impl.LocatorImpl.click(LocatorImpl.java:160)
	at com.microsoft.playwright.Locator.click(Locator.java:2468)
	at com.automation.pages.BookingPage.verifyPrice(BookingPage.java:67)
	at com.automation.steps.BookingSteps.verifyThePriceDistributionIsEqualsTotalPrice(BookingSteps.java:42)
	at &#10045;.verify the price distribution is equals total price(file:///C:/Users/280683/Downloads/PlaywrightAumomationAirbnb/src/test/resources/features/Destination.feature:25)
Caused by: com.microsoft.playwright.TimeoutError: Error {
  message='Timeout 30000ms exceeded.
  name='TimeoutError
  stack='TimeoutError: Timeout 30000ms exceeded.
    at ProgressController.run (C:\Users\280683\AppData\Local\Temp\playwright-java-1701699041182769527\package\lib\server\progress.js:78:26)
    at Frame.click (C:\Users\280683\AppData\Local\Temp\playwright-java-1701699041182769527\package\lib\server\frames.js:1007:23)
    at FrameDispatcher.click (C:\Users\280683\AppData\Local\Temp\playwright-java-1701699041182769527\package\lib\server\dispatchers\frameDispatcher.js:158:30)
    at FrameDispatcher._handleCommand (C:\Users\280683\AppData\Local\Temp\playwright-java-1701699041182769527\package\lib\server\dispatchers\dispatcher.js:94:40)
    at DispatcherConnection.dispatch (C:\Users\280683\AppData\Local\Temp\playwright-java-1701699041182769527\package\lib\server\dispatchers\dispatcher.js:361:39)
}
Call log:
- waiting for locator(&quot;//button[@aria-label='Close']&quot;)

	at com.microsoft.playwright.impl.Connection.dispatch(Connection.java:254)
	at com.microsoft.playwright.impl.Connection.processOneMessage(Connection.java:211)
	at com.microsoft.playwright.impl.ChannelOwner.runUntil(ChannelOwner.java:118)
	at com.microsoft.playwright.impl.Connection.sendMessage(Connection.java:130)
	at com.microsoft.playwright.impl.ChannelOwner.sendMessage(ChannelOwner.java:106)
	at com.microsoft.playwright.impl.FrameImpl.clickImpl(FrameImpl.java:252)
	at com.microsoft.playwright.impl.FrameImpl.lambda$click$8(FrameImpl.java:243)
	at com.microsoft.playwright.impl.LoggingSupport.lambda$withLogging$0(LoggingSupport.java:36)
	at com.microsoft.playwright.impl.LoggingSupport.withLogging(LoggingSupport.java:47)
	at com.microsoft.playwright.impl.ChannelOwner.withLogging(ChannelOwner.java:89)
	at com.microsoft.playwright.impl.LoggingSupport.withLogging(LoggingSupport.java:35)
	at com.microsoft.playwright.impl.FrameImpl.click(FrameImpl.java:243)
	at com.microsoft.playwright.impl.LocatorImpl.click(LocatorImpl.java:160)
	at com.microsoft.playwright.Locator.click(Locator.java:2468)
	at com.automation.pages.BookingPage.verifyPrice(BookingPage.java:67)
	at com.automation.steps.BookingSteps.verifyThePriceDistributionIsEqualsTotalPrice(BookingSteps.java:42)
	at java.base/jdk.internal.reflect.NativeMethodAccessorImpl.invoke0(Native Method)
	at java.base/jdk.internal.reflect.NativeMethodAccessorImpl.invoke(NativeMethodAccessorImpl.java:77)
	at java.base/jdk.internal.reflect.DelegatingMethodAccessorImpl.invoke(DelegatingMethodAccessorImpl.java:43)
	at java.base/java.lang.reflect.Method.invoke(Method.java:569)
	at io.cucumber.java.Invoker.doInvoke(Invoker.java:66)
	at io.cucumber.java.Invoker.invoke(Invoker.java:24)
	at io.cucumber.java.AbstractGlueDefinition.invokeMethod(AbstractGlueDefinition.java:47)
	at io.cucumber.java.JavaStepDefinition.execute(JavaStepDefinition.java:29)
	at io.cucumber.core.runner.CoreStepDefinition.execute(CoreStepDefinition.java:66)
	at io.cucumber.core.runner.PickleStepDefinitionMatch.runStep(PickleStepDefinitionMatch.java:63)
	at io.cucumber.core.runner.ExecutionMode$1.execute(ExecutionMode.java:10)
	at io.cucumber.core.runner.TestStep.executeStep(TestStep.java:81)
	at io.cucumber.core.runner.TestStep.run(TestStep.java:53)
	at io.cucumber.core.runner.PickleStepTestStep.run(PickleStepTestStep.java:51)
	at io.cucumber.core.runner.TestCase.run(TestCase.java:84)
	at io.cucumber.core.runner.Runner.runPickle(Runner.java:75)
	at io.cucumber.junit.PickleRunners$NoStepDescriptions.lambda$run$0(PickleRunners.java:151)
	at io.cucumber.core.runtime.CucumberExecutionContext.lambda$runTestCase$5(CucumberExecutionContext.java:136)
	at io.cucumber.core.runtime.RethrowingThrowableCollector.executeAndThrow(RethrowingThrowableCollector.java:23)
	at io.cucumber.core.runtime.CucumberExecutionContext.runTestCase(CucumberExecutionContext.java:136)
	at io.cucumber.junit.PickleRunners$NoStepDescriptions.run(PickleRunners.java:148)
	at io.cucumber.junit.FeatureRunner.runChild(FeatureRunner.java:144)
	at io.cucumber.junit.FeatureRunner.runChild(FeatureRunner.java:28)
	at org.junit.runners.ParentRunner$4.run(ParentRunner.java:331)
	at org.junit.runners.ParentRunner$1.schedule(ParentRunner.java:79)
	at org.junit.runners.ParentRunner.runChildren(ParentRunner.java:329)
	at org.junit.runners.ParentRunner.access$100(ParentRunner.java:66)
	at org.junit.runners.ParentRunner$2.evaluate(ParentRunner.java:293)
	at org.junit.runners.ParentRunner$3.evaluate(ParentRunner.java:306)
	at org.junit.runners.ParentRunner.run(ParentRunner.java:413)
	at io.cucumber.junit.FeatureRunner.run(FeatureRunner.java:137)
	at io.cucumber.junit.Cucumber.runChild(Cucumber.java:196)
	at io.cucumber.junit.Cucumber.runChild(Cucumber.java:89)
	at org.junit.runners.ParentRunner$4.run(ParentRunner.java:331)
	at org.junit.runners.ParentRunner$1.schedule(ParentRunner.java:79)
	at org.junit.runners.ParentRunner.runChildren(ParentRunner.java:329)
	at org.junit.runners.ParentRunner.access$100(ParentRunner.java:66)
	at org.junit.runners.ParentRunner$2.evaluate(ParentRunner.java:293)
	at io.cucumber.core.runtime.CucumberExecutionContext.lambda$runFeatures$6(CucumberExecutionContext.java:147)
	at io.cucumber.core.runtime.CucumberExecutionContext.execute(CucumberExecutionContext.java:162)
	at io.cucumber.core.runtime.CucumberExecutionContext.runFeatures(CucumberExecutionContext.java:145)
	at io.cucumber.junit.Cucumber$StartAndFinishTestRun.evaluate(Cucumber.java:226)
	at org.junit.runners.ParentRunner$3.evaluate(ParentRunner.java:306)
	at org.junit.runners.ParentRunner.run(ParentRunner.java:413)
	at org.apache.maven.surefire.junit4.JUnit4Provider.execute(JUnit4Provider.java:316)
	at org.apache.maven.surefire.junit4.JUnit4Provider.executeWithRerun(JUnit4Provider.java:240)
	at org.apache.maven.surefire.junit4.JUnit4Provider.executeTestSet(JUnit4Provider.java:214)
	at org.apache.maven.surefire.junit4.JUnit4Provider.invoke(JUnit4Provider.java:155)
	at org.apache.maven.surefire.booter.ForkedBooter.runSuitesInProcess(ForkedBooter.java:385)
	at org.apache.maven.surefire.booter.ForkedBooter.execute(ForkedBooter.java:162)
	at org.apache.maven.surefire.booter.ForkedBooter.run(ForkedBooter.java:507)
	at org.apache.maven.surefire.booter.ForkedBooter.main(ForkedBooter.java:495)
</pre>
      </div>
    </div>
  </div>


        
        

        

        
  
      </div>
      </div>
</div>


    
  <div class="inner-level hooks-after">
        <div data-toggle="collapse" class=" collapsed  collapsable-control" data-target="#after-35">
      
<div class="brief passed">
  <span class="keyword indention">Hooks</span>
  <span class="name"></span>
  

       <i class="chevron fa fa-fw"></i>
  </div>

    </div>

    <div id="after-35" class="inner-level collapse collapsable-details ">
              <div class="hook">
          <div class="brief passed">
            <span class="keyword indention">After</span>
                          <span class="location name">com.automation.steps.Hooks.cleanUp()</span>
                        
  <span class="lead-duration duration">1s 179ms</span>

          </div>

                      

          
          
  
        </div>
          </div>
  </div>

  </div>
</div>

                      
<div class="element">
      <div class="indention">
      <b>Feature:</b>
      <a href="report-feature_file-src-test-resources-features-HelpCenter-feature.html">Validating help center feature</a>
    </div>
  
  
<div class="tags indention">
  </div>


    <span data-toggle="collapse" class=" collapsable-control" data-target="#element-36">
    
<div class="brief failed">
  <span class="keyword indention">Scenario</span>
  <span class="name">Verify user is able to use help centre option</span>
  

       <i class="chevron fa fa-fw"></i>
  </div>

  </span>
  <div class="description indention"></div>

  <div id="element-36" class="collapse collapsable-details  in ">
    
  <div class="inner-level hooks-before">
        <div data-toggle="collapse" class=" collapsed  collapsable-control" data-target="#before-37">
      
<div class="brief passed">
  <span class="keyword indention">Hooks</span>
  <span class="name"></span>
  

       <i class="chevron fa fa-fw"></i>
  </div>

    </div>

    <div id="before-37" class="inner-level collapse collapsable-details ">
              <div class="hook">
          <div class="brief passed">
            <span class="keyword indention">Before</span>
                          <span class="location name">com.automation.steps.Hooks.setUp()</span>
                        
  <span class="lead-duration duration">7s 965ms</span>

          </div>

                      

          
          
  
        </div>
          </div>
  </div>


    
<div class="steps inner-level">
    <div data-toggle="collapse" class=" collapsable-control" data-target="#steps-38">
    
<div class="brief failed">
  <span class="keyword indention">Steps</span>
  <span class="name"></span>
  

       <i class="chevron fa fa-fw"></i>
  </div>

  </div>

  <div id="steps-38" class="inner-level collapse collapsable-details  in ">
          <div class="step">
        
<div class="brief passed">
  <span class="keyword indention">Given</span>
  <span class="name">user opens website</span>
  
  <span class="lead-duration duration">7s 631ms</span>

  </div>

        


        
        

        

        
  
      </div>
          <div class="step">
        
<div class="brief passed">
  <span class="keyword indention">And</span>
  <span class="name">verify user is on homepage</span>
  
  <span class="lead-duration duration">112ms</span>

  </div>

        


        
        

        

        
  
      </div>
          <div class="step">
        
<div class="brief passed">
  <span class="keyword indention">And</span>
  <span class="name">user clicks on profile icon</span>
  
  <span class="lead-duration duration">409ms</span>

  </div>

        


        
        

        

        
  
      </div>
          <div class="step">
        
<div class="brief passed">
  <span class="keyword indention">When</span>
  <span class="name">user clicks on the help centre option</span>
  
  <span class="lead-duration duration">1s 061ms</span>

  </div>

        


        
        

        

        
  
      </div>
          <div class="step">
        
<div class="brief failed">
  <span class="keyword indention">Then</span>
  <span class="name">verify help centre page is displayed with text</span>
  
  <span class="lead-duration duration">30s 010ms</span>

  </div>

        

  <div class="inner-level">
    <div class="message indention">
      <div data-toggle="collapse" class="collapsable-control" data-target="#msg-39">
          <a>Error message</a>
      </div>
      <div id="msg-39" class="collapse collapsable-details">
        <pre>com.microsoft.playwright.TimeoutError: Error {
  message='Timeout 30000ms exceeded.
  name='TimeoutError
  stack='TimeoutError: Timeout 30000ms exceeded.
    at ProgressController.run (C:\Users\280683\AppData\Local\Temp\playwright-java-1701699041182769527\package\lib\server\progress.js:78:26)
    at Frame._callOnElementOnceMatches (C:\Users\280683\AppData\Local\Temp\playwright-java-1701699041182769527\package\lib\server\frames.js:1429:23)
    at Frame.textContent (C:\Users\280683\AppData\Local\Temp\playwright-java-1701699041182769527\package\lib\server\frames.js:1069:17)
    at FrameDispatcher.textContent (C:\Users\280683\AppData\Local\Temp\playwright-java-1701699041182769527\package\lib\server\dispatchers\frameDispatcher.js:179:37)
    at FrameDispatcher._handleCommand (C:\Users\280683\AppData\Local\Temp\playwright-java-1701699041182769527\package\lib\server\dispatchers\dispatcher.js:94:40)
    at DispatcherConnection.dispatch (C:\Users\280683\AppData\Local\Temp\playwright-java-1701699041182769527\package\lib\server\dispatchers\dispatcher.js:361:39)
}
Call log:
- waiting for locator(&quot;//div[@class='hoakkap dir dir-ltr']&quot;)

	at com.microsoft.playwright.impl.WaitableResult.get(WaitableResult.java:52)
	at com.microsoft.playwright.impl.ChannelOwner.runUntil(ChannelOwner.java:120)
	at com.microsoft.playwright.impl.Connection.sendMessage(Connection.java:130)
	at com.microsoft.playwright.impl.ChannelOwner.sendMessage(ChannelOwner.java:106)
	at com.microsoft.playwright.impl.FrameImpl.textContentImpl(FrameImpl.java:818)
	at com.microsoft.playwright.impl.FrameImpl.lambda$textContent$38(FrameImpl.java:809)
	at com.microsoft.playwright.impl.LoggingSupport.withLogging(LoggingSupport.java:47)
	at com.microsoft.playwright.impl.ChannelOwner.withLogging(ChannelOwner.java:89)
	at com.microsoft.playwright.impl.FrameImpl.textContent(FrameImpl.java:809)
	at com.microsoft.playwright.impl.LocatorImpl.textContent(LocatorImpl.java:591)
	at com.microsoft.playwright.Locator.textContent(Locator.java:5215)
	at com.automation.pages.HelpCenterPage.verifyDisplayedMessage(HelpCenterPage.java:15)
	at com.automation.steps.HelpCenterSteps.verify_help_centre_page_is_displayed_with_text(HelpCenterSteps.java:12)
	at &#10045;.verify help centre page is displayed with text(file:///C:/Users/280683/Downloads/PlaywrightAumomationAirbnb/src/test/resources/features/HelpCenter.feature:8)
Caused by: com.microsoft.playwright.TimeoutError: Error {
  message='Timeout 30000ms exceeded.
  name='TimeoutError
  stack='TimeoutError: Timeout 30000ms exceeded.
    at ProgressController.run (C:\Users\280683\AppData\Local\Temp\playwright-java-1701699041182769527\package\lib\server\progress.js:78:26)
    at Frame._callOnElementOnceMatches (C:\Users\280683\AppData\Local\Temp\playwright-java-1701699041182769527\package\lib\server\frames.js:1429:23)
    at Frame.textContent (C:\Users\280683\AppData\Local\Temp\playwright-java-1701699041182769527\package\lib\server\frames.js:1069:17)
    at FrameDispatcher.textContent (C:\Users\280683\AppData\Local\Temp\playwright-java-1701699041182769527\package\lib\server\dispatchers\frameDispatcher.js:179:37)
    at FrameDispatcher._handleCommand (C:\Users\280683\AppData\Local\Temp\playwright-java-1701699041182769527\package\lib\server\dispatchers\dispatcher.js:94:40)
    at DispatcherConnection.dispatch (C:\Users\280683\AppData\Local\Temp\playwright-java-1701699041182769527\package\lib\server\dispatchers\dispatcher.js:361:39)
}
Call log:
- waiting for locator(&quot;//div[@class='hoakkap dir dir-ltr']&quot;)

	at com.microsoft.playwright.impl.Connection.dispatch(Connection.java:254)
	at com.microsoft.playwright.impl.Connection.processOneMessage(Connection.java:211)
	at com.microsoft.playwright.impl.ChannelOwner.runUntil(ChannelOwner.java:118)
	at com.microsoft.playwright.impl.Connection.sendMessage(Connection.java:130)
	at com.microsoft.playwright.impl.ChannelOwner.sendMessage(ChannelOwner.java:106)
	at com.microsoft.playwright.impl.FrameImpl.textContentImpl(FrameImpl.java:818)
	at com.microsoft.playwright.impl.FrameImpl.lambda$textContent$38(FrameImpl.java:809)
	at com.microsoft.playwright.impl.LoggingSupport.withLogging(LoggingSupport.java:47)
	at com.microsoft.playwright.impl.ChannelOwner.withLogging(ChannelOwner.java:89)
	at com.microsoft.playwright.impl.FrameImpl.textContent(FrameImpl.java:809)
	at com.microsoft.playwright.impl.LocatorImpl.textContent(LocatorImpl.java:591)
	at com.microsoft.playwright.Locator.textContent(Locator.java:5215)
	at com.automation.pages.HelpCenterPage.verifyDisplayedMessage(HelpCenterPage.java:15)
	at com.automation.steps.HelpCenterSteps.verify_help_centre_page_is_displayed_with_text(HelpCenterSteps.java:12)
	at java.base/jdk.internal.reflect.NativeMethodAccessorImpl.invoke0(Native Method)
	at java.base/jdk.internal.reflect.NativeMethodAccessorImpl.invoke(NativeMethodAccessorImpl.java:77)
	at java.base/jdk.internal.reflect.DelegatingMethodAccessorImpl.invoke(DelegatingMethodAccessorImpl.java:43)
	at java.base/java.lang.reflect.Method.invoke(Method.java:569)
	at io.cucumber.java.Invoker.doInvoke(Invoker.java:66)
	at io.cucumber.java.Invoker.invoke(Invoker.java:24)
	at io.cucumber.java.AbstractGlueDefinition.invokeMethod(AbstractGlueDefinition.java:47)
	at io.cucumber.java.JavaStepDefinition.execute(JavaStepDefinition.java:29)
	at io.cucumber.core.runner.CoreStepDefinition.execute(CoreStepDefinition.java:66)
	at io.cucumber.core.runner.PickleStepDefinitionMatch.runStep(PickleStepDefinitionMatch.java:63)
	at io.cucumber.core.runner.ExecutionMode$1.execute(ExecutionMode.java:10)
	at io.cucumber.core.runner.TestStep.executeStep(TestStep.java:81)
	at io.cucumber.core.runner.TestStep.run(TestStep.java:53)
	at io.cucumber.core.runner.PickleStepTestStep.run(PickleStepTestStep.java:51)
	at io.cucumber.core.runner.TestCase.run(TestCase.java:84)
	at io.cucumber.core.runner.Runner.runPickle(Runner.java:75)
	at io.cucumber.junit.PickleRunners$NoStepDescriptions.lambda$run$0(PickleRunners.java:151)
	at io.cucumber.core.runtime.CucumberExecutionContext.lambda$runTestCase$5(CucumberExecutionContext.java:136)
	at io.cucumber.core.runtime.RethrowingThrowableCollector.executeAndThrow(RethrowingThrowableCollector.java:23)
	at io.cucumber.core.runtime.CucumberExecutionContext.runTestCase(CucumberExecutionContext.java:136)
	at io.cucumber.junit.PickleRunners$NoStepDescriptions.run(PickleRunners.java:148)
	at io.cucumber.junit.FeatureRunner.runChild(FeatureRunner.java:144)
	at io.cucumber.junit.FeatureRunner.runChild(FeatureRunner.java:28)
	at org.junit.runners.ParentRunner$4.run(ParentRunner.java:331)
	at org.junit.runners.ParentRunner$1.schedule(ParentRunner.java:79)
	at org.junit.runners.ParentRunner.runChildren(ParentRunner.java:329)
	at org.junit.runners.ParentRunner.access$100(ParentRunner.java:66)
	at org.junit.runners.ParentRunner$2.evaluate(ParentRunner.java:293)
	at org.junit.runners.ParentRunner$3.evaluate(ParentRunner.java:306)
	at org.junit.runners.ParentRunner.run(ParentRunner.java:413)
	at io.cucumber.junit.FeatureRunner.run(FeatureRunner.java:137)
	at io.cucumber.junit.Cucumber.runChild(Cucumber.java:196)
	at io.cucumber.junit.Cucumber.runChild(Cucumber.java:89)
	at org.junit.runners.ParentRunner$4.run(ParentRunner.java:331)
	at org.junit.runners.ParentRunner$1.schedule(ParentRunner.java:79)
	at org.junit.runners.ParentRunner.runChildren(ParentRunner.java:329)
	at org.junit.runners.ParentRunner.access$100(ParentRunner.java:66)
	at org.junit.runners.ParentRunner$2.evaluate(ParentRunner.java:293)
	at io.cucumber.core.runtime.CucumberExecutionContext.lambda$runFeatures$6(CucumberExecutionContext.java:147)
	at io.cucumber.core.runtime.CucumberExecutionContext.execute(CucumberExecutionContext.java:162)
	at io.cucumber.core.runtime.CucumberExecutionContext.runFeatures(CucumberExecutionContext.java:145)
	at io.cucumber.junit.Cucumber$StartAndFinishTestRun.evaluate(Cucumber.java:226)
	at org.junit.runners.ParentRunner$3.evaluate(ParentRunner.java:306)
	at org.junit.runners.ParentRunner.run(ParentRunner.java:413)
	at org.apache.maven.surefire.junit4.JUnit4Provider.execute(JUnit4Provider.java:316)
	at org.apache.maven.surefire.junit4.JUnit4Provider.executeWithRerun(JUnit4Provider.java:240)
	at org.apache.maven.surefire.junit4.JUnit4Provider.executeTestSet(JUnit4Provider.java:214)
	at org.apache.maven.surefire.junit4.JUnit4Provider.invoke(JUnit4Provider.java:155)
	at org.apache.maven.surefire.booter.ForkedBooter.runSuitesInProcess(ForkedBooter.java:385)
	at org.apache.maven.surefire.booter.ForkedBooter.execute(ForkedBooter.java:162)
	at org.apache.maven.surefire.booter.ForkedBooter.run(ForkedBooter.java:507)
	at org.apache.maven.surefire.booter.ForkedBooter.main(ForkedBooter.java:495)
</pre>
      </div>
    </div>
  </div>


                  <table class="step-arguments">
                          <tr>
                                  <td>Hi, how can we help</td>
                              </tr>
                      </table>
        
        

        

        
  
      </div>
      </div>
</div>


    
  <div class="inner-level hooks-after">
        <div data-toggle="collapse" class=" collapsed  collapsable-control" data-target="#after-40">
      
<div class="brief passed">
  <span class="keyword indention">Hooks</span>
  <span class="name"></span>
  

       <i class="chevron fa fa-fw"></i>
  </div>

    </div>

    <div id="after-40" class="inner-level collapse collapsable-details ">
              <div class="hook">
          <div class="brief passed">
            <span class="keyword indention">After</span>
                          <span class="location name">com.automation.steps.Hooks.cleanUp()</span>
                        
  <span class="lead-duration duration">1s 688ms</span>

          </div>

                      

          
          
  
        </div>
          </div>
  </div>

  </div>
</div>

                      
<div class="element">
      <div class="indention">
      <b>Feature:</b>
      <a href="report-feature_file-src-test-resources-features-MeetYourHost-feature.html">Validating meet your host feature</a>
    </div>
  
  
<div class="tags indention">
  </div>


    <span data-toggle="collapse" class=" collapsable-control" data-target="#element-41">
    
<div class="brief failed">
  <span class="keyword indention">Scenario</span>
  <span class="name">Verify user is getting the correct host information</span>
  

       <i class="chevron fa fa-fw"></i>
  </div>

  </span>
  <div class="description indention"></div>

  <div id="element-41" class="collapse collapsable-details  in ">
    
  <div class="inner-level hooks-before">
        <div data-toggle="collapse" class=" collapsed  collapsable-control" data-target="#before-42">
      
<div class="brief passed">
  <span class="keyword indention">Hooks</span>
  <span class="name"></span>
  

       <i class="chevron fa fa-fw"></i>
  </div>

    </div>

    <div id="before-42" class="inner-level collapse collapsable-details ">
              <div class="hook">
          <div class="brief passed">
            <span class="keyword indention">Before</span>
                          <span class="location name">com.automation.steps.Hooks.setUp()</span>
                        
  <span class="lead-duration duration">7s 420ms</span>

          </div>

                      

          
          
  
        </div>
          </div>
  </div>


    
<div class="steps inner-level">
    <div data-toggle="collapse" class=" collapsable-control" data-target="#steps-43">
    
<div class="brief failed">
  <span class="keyword indention">Steps</span>
  <span class="name"></span>
  

       <i class="chevron fa fa-fw"></i>
  </div>

  </div>

  <div id="steps-43" class="inner-level collapse collapsable-details  in ">
          <div class="step">
        
<div class="brief passed">
  <span class="keyword indention">Given</span>
  <span class="name">user opens website</span>
  
  <span class="lead-duration duration">3s 526ms</span>

  </div>

        


        
        

        

        
  
      </div>
          <div class="step">
        
<div class="brief passed">
  <span class="keyword indention">And</span>
  <span class="name">verify user is on homepage</span>
  
  <span class="lead-duration duration">536ms</span>

  </div>

        


        
        

        

        
  
      </div>
          <div class="step">
        
<div class="brief passed">
  <span class="keyword indention">When</span>
  <span class="name">user click on &quot;Amazing views&quot;</span>
  
  <span class="lead-duration duration">2s 822ms</span>

  </div>

        


        
        

        

        
  
      </div>
          <div class="step">
        
<div class="brief failed">
  <span class="keyword indention">And</span>
  <span class="name">user selects first card</span>
  
  <span class="lead-duration duration">32s 233ms</span>

  </div>

        

  <div class="inner-level">
    <div class="message indention">
      <div data-toggle="collapse" class="collapsable-control" data-target="#msg-44">
          <a>Error message</a>
      </div>
      <div id="msg-44" class="collapse collapsable-details">
        <pre>com.microsoft.playwright.TimeoutError: Error {
  message='Timeout 30000ms exceeded.
  name='TimeoutError
  stack='TimeoutError: Timeout 30000ms exceeded.
    at ProgressController.run (C:\Users\280683\AppData\Local\Temp\playwright-java-1701699041182769527\package\lib\server\progress.js:78:26)
    at Frame.click (C:\Users\280683\AppData\Local\Temp\playwright-java-1701699041182769527\package\lib\server\frames.js:1007:23)
    at FrameDispatcher.click (C:\Users\280683\AppData\Local\Temp\playwright-java-1701699041182769527\package\lib\server\dispatchers\frameDispatcher.js:158:30)
    at FrameDispatcher._handleCommand (C:\Users\280683\AppData\Local\Temp\playwright-java-1701699041182769527\package\lib\server\dispatchers\dispatcher.js:94:40)
    at DispatcherConnection.dispatch (C:\Users\280683\AppData\Local\Temp\playwright-java-1701699041182769527\package\lib\server\dispatchers\dispatcher.js:361:39)
}
Call log:
- waiting for locator(&quot;//button[@aria-label='Close']&quot;)

	at com.microsoft.playwright.impl.WaitableResult.get(WaitableResult.java:52)
	at com.microsoft.playwright.impl.ChannelOwner.runUntil(ChannelOwner.java:120)
	at com.microsoft.playwright.impl.Connection.sendMessage(Connection.java:130)
	at com.microsoft.playwright.impl.ChannelOwner.sendMessage(ChannelOwner.java:106)
	at com.microsoft.playwright.impl.FrameImpl.clickImpl(FrameImpl.java:252)
	at com.microsoft.playwright.impl.FrameImpl.lambda$click$8(FrameImpl.java:243)
	at com.microsoft.playwright.impl.LoggingSupport.lambda$withLogging$0(LoggingSupport.java:36)
	at com.microsoft.playwright.impl.LoggingSupport.withLogging(LoggingSupport.java:47)
	at com.microsoft.playwright.impl.ChannelOwner.withLogging(ChannelOwner.java:89)
	at com.microsoft.playwright.impl.LoggingSupport.withLogging(LoggingSupport.java:35)
	at com.microsoft.playwright.impl.FrameImpl.click(FrameImpl.java:243)
	at com.microsoft.playwright.impl.LocatorImpl.click(LocatorImpl.java:160)
	at com.microsoft.playwright.Locator.click(Locator.java:2468)
	at com.automation.pages.BookingPage.clickOnFirstCard(BookingPage.java:35)
	at com.automation.steps.BookingSteps.user_selects_first_card(BookingSteps.java:22)
	at &#10045;.user selects first card(file:///C:/Users/280683/Downloads/PlaywrightAumomationAirbnb/src/test/resources/features/MeetYourHost.feature:7)
Caused by: com.microsoft.playwright.TimeoutError: Error {
  message='Timeout 30000ms exceeded.
  name='TimeoutError
  stack='TimeoutError: Timeout 30000ms exceeded.
    at ProgressController.run (C:\Users\280683\AppData\Local\Temp\playwright-java-1701699041182769527\package\lib\server\progress.js:78:26)
    at Frame.click (C:\Users\280683\AppData\Local\Temp\playwright-java-1701699041182769527\package\lib\server\frames.js:1007:23)
    at FrameDispatcher.click (C:\Users\280683\AppData\Local\Temp\playwright-java-1701699041182769527\package\lib\server\dispatchers\frameDispatcher.js:158:30)
    at FrameDispatcher._handleCommand (C:\Users\280683\AppData\Local\Temp\playwright-java-1701699041182769527\package\lib\server\dispatchers\dispatcher.js:94:40)
    at DispatcherConnection.dispatch (C:\Users\280683\AppData\Local\Temp\playwright-java-1701699041182769527\package\lib\server\dispatchers\dispatcher.js:361:39)
}
Call log:
- waiting for locator(&quot;//button[@aria-label='Close']&quot;)

	at com.microsoft.playwright.impl.Connection.dispatch(Connection.java:254)
	at com.microsoft.playwright.impl.Connection.processOneMessage(Connection.java:211)
	at com.microsoft.playwright.impl.ChannelOwner.runUntil(ChannelOwner.java:118)
	at com.microsoft.playwright.impl.Connection.sendMessage(Connection.java:130)
	at com.microsoft.playwright.impl.ChannelOwner.sendMessage(ChannelOwner.java:106)
	at com.microsoft.playwright.impl.FrameImpl.clickImpl(FrameImpl.java:252)
	at com.microsoft.playwright.impl.FrameImpl.lambda$click$8(FrameImpl.java:243)
	at com.microsoft.playwright.impl.LoggingSupport.lambda$withLogging$0(LoggingSupport.java:36)
	at com.microsoft.playwright.impl.LoggingSupport.withLogging(LoggingSupport.java:47)
	at com.microsoft.playwright.impl.ChannelOwner.withLogging(ChannelOwner.java:89)
	at com.microsoft.playwright.impl.LoggingSupport.withLogging(LoggingSupport.java:35)
	at com.microsoft.playwright.impl.FrameImpl.click(FrameImpl.java:243)
	at com.microsoft.playwright.impl.LocatorImpl.click(LocatorImpl.java:160)
	at com.microsoft.playwright.Locator.click(Locator.java:2468)
	at com.automation.pages.BookingPage.clickOnFirstCard(BookingPage.java:35)
	at com.automation.steps.BookingSteps.user_selects_first_card(BookingSteps.java:22)
	at java.base/jdk.internal.reflect.NativeMethodAccessorImpl.invoke0(Native Method)
	at java.base/jdk.internal.reflect.NativeMethodAccessorImpl.invoke(NativeMethodAccessorImpl.java:77)
	at java.base/jdk.internal.reflect.DelegatingMethodAccessorImpl.invoke(DelegatingMethodAccessorImpl.java:43)
	at java.base/java.lang.reflect.Method.invoke(Method.java:569)
	at io.cucumber.java.Invoker.doInvoke(Invoker.java:66)
	at io.cucumber.java.Invoker.invoke(Invoker.java:24)
	at io.cucumber.java.AbstractGlueDefinition.invokeMethod(AbstractGlueDefinition.java:47)
	at io.cucumber.java.JavaStepDefinition.execute(JavaStepDefinition.java:29)
	at io.cucumber.core.runner.CoreStepDefinition.execute(CoreStepDefinition.java:66)
	at io.cucumber.core.runner.PickleStepDefinitionMatch.runStep(PickleStepDefinitionMatch.java:63)
	at io.cucumber.core.runner.ExecutionMode$1.execute(ExecutionMode.java:10)
	at io.cucumber.core.runner.TestStep.executeStep(TestStep.java:81)
	at io.cucumber.core.runner.TestStep.run(TestStep.java:53)
	at io.cucumber.core.runner.PickleStepTestStep.run(PickleStepTestStep.java:51)
	at io.cucumber.core.runner.TestCase.run(TestCase.java:84)
	at io.cucumber.core.runner.Runner.runPickle(Runner.java:75)
	at io.cucumber.junit.PickleRunners$NoStepDescriptions.lambda$run$0(PickleRunners.java:151)
	at io.cucumber.core.runtime.CucumberExecutionContext.lambda$runTestCase$5(CucumberExecutionContext.java:136)
	at io.cucumber.core.runtime.RethrowingThrowableCollector.executeAndThrow(RethrowingThrowableCollector.java:23)
	at io.cucumber.core.runtime.CucumberExecutionContext.runTestCase(CucumberExecutionContext.java:136)
	at io.cucumber.junit.PickleRunners$NoStepDescriptions.run(PickleRunners.java:148)
	at io.cucumber.junit.FeatureRunner.runChild(FeatureRunner.java:144)
	at io.cucumber.junit.FeatureRunner.runChild(FeatureRunner.java:28)
	at org.junit.runners.ParentRunner$4.run(ParentRunner.java:331)
	at org.junit.runners.ParentRunner$1.schedule(ParentRunner.java:79)
	at org.junit.runners.ParentRunner.runChildren(ParentRunner.java:329)
	at org.junit.runners.ParentRunner.access$100(ParentRunner.java:66)
	at org.junit.runners.ParentRunner$2.evaluate(ParentRunner.java:293)
	at org.junit.runners.ParentRunner$3.evaluate(ParentRunner.java:306)
	at org.junit.runners.ParentRunner.run(ParentRunner.java:413)
	at io.cucumber.junit.FeatureRunner.run(FeatureRunner.java:137)
	at io.cucumber.junit.Cucumber.runChild(Cucumber.java:196)
	at io.cucumber.junit.Cucumber.runChild(Cucumber.java:89)
	at org.junit.runners.ParentRunner$4.run(ParentRunner.java:331)
	at org.junit.runners.ParentRunner$1.schedule(ParentRunner.java:79)
	at org.junit.runners.ParentRunner.runChildren(ParentRunner.java:329)
	at org.junit.runners.ParentRunner.access$100(ParentRunner.java:66)
	at org.junit.runners.ParentRunner$2.evaluate(ParentRunner.java:293)
	at io.cucumber.core.runtime.CucumberExecutionContext.lambda$runFeatures$6(CucumberExecutionContext.java:147)
	at io.cucumber.core.runtime.CucumberExecutionContext.execute(CucumberExecutionContext.java:162)
	at io.cucumber.core.runtime.CucumberExecutionContext.runFeatures(CucumberExecutionContext.java:145)
	at io.cucumber.junit.Cucumber$StartAndFinishTestRun.evaluate(Cucumber.java:226)
	at org.junit.runners.ParentRunner$3.evaluate(ParentRunner.java:306)
	at org.junit.runners.ParentRunner.run(ParentRunner.java:413)
	at org.apache.maven.surefire.junit4.JUnit4Provider.execute(JUnit4Provider.java:316)
	at org.apache.maven.surefire.junit4.JUnit4Provider.executeWithRerun(JUnit4Provider.java:240)
	at org.apache.maven.surefire.junit4.JUnit4Provider.executeTestSet(JUnit4Provider.java:214)
	at org.apache.maven.surefire.junit4.JUnit4Provider.invoke(JUnit4Provider.java:155)
	at org.apache.maven.surefire.booter.ForkedBooter.runSuitesInProcess(ForkedBooter.java:385)
	at org.apache.maven.surefire.booter.ForkedBooter.execute(ForkedBooter.java:162)
	at org.apache.maven.surefire.booter.ForkedBooter.run(ForkedBooter.java:507)
	at org.apache.maven.surefire.booter.ForkedBooter.main(ForkedBooter.java:495)
</pre>
      </div>
    </div>
  </div>


        
        

        

        
  
      </div>
          <div class="step">
        
<div class="brief skipped">
  <span class="keyword indention">And</span>
  <span class="name">user selects Meet your Host option</span>
  
  <span class="lead-duration duration">000ms</span>

  </div>

        


        
        

        

        
  
      </div>
          <div class="step">
        
<div class="brief skipped">
  <span class="keyword indention">Then</span>
  <span class="name">verify displayed details with the host details</span>
  
  <span class="lead-duration duration">000ms</span>

  </div>

        


        
        

        

        
  
      </div>
      </div>
</div>


    
  <div class="inner-level hooks-after">
        <div data-toggle="collapse" class=" collapsed  collapsable-control" data-target="#after-45">
      
<div class="brief passed">
  <span class="keyword indention">Hooks</span>
  <span class="name"></span>
  

       <i class="chevron fa fa-fw"></i>
  </div>

    </div>

    <div id="after-45" class="inner-level collapse collapsable-details ">
              <div class="hook">
          <div class="brief passed">
            <span class="keyword indention">After</span>
                          <span class="location name">com.automation.steps.Hooks.cleanUp()</span>
                        
  <span class="lead-duration duration">1s 075ms</span>

          </div>

                      

          
          
  
        </div>
          </div>
  </div>

  </div>
</div>

                      
<div class="element">
      <div class="indention">
      <b>Feature:</b>
      <a href="report-feature_file-src-test-resources-features-ThingsToDo-feature.html">Verify the details</a>
    </div>
  
  
<div class="tags indention">
  </div>


    <span data-toggle="collapse" class=" collapsable-control" data-target="#element-46">
    
<div class="brief failed">
  <span class="keyword indention">Scenario</span>
  <span class="name">Verify things to do with what you will do</span>
  

       <i class="chevron fa fa-fw"></i>
  </div>

  </span>
  <div class="description indention"></div>

  <div id="element-46" class="collapse collapsable-details  in ">
    
  <div class="inner-level hooks-before">
        <div data-toggle="collapse" class=" collapsed  collapsable-control" data-target="#before-47">
      
<div class="brief passed">
  <span class="keyword indention">Hooks</span>
  <span class="name"></span>
  

       <i class="chevron fa fa-fw"></i>
  </div>

    </div>

    <div id="before-47" class="inner-level collapse collapsable-details ">
              <div class="hook">
          <div class="brief passed">
            <span class="keyword indention">Before</span>
                          <span class="location name">com.automation.steps.Hooks.setUp()</span>
                        
  <span class="lead-duration duration">7s 439ms</span>

          </div>

                      

          
          
  
        </div>
          </div>
  </div>


    
<div class="steps inner-level">
    <div data-toggle="collapse" class=" collapsable-control" data-target="#steps-48">
    
<div class="brief failed">
  <span class="keyword indention">Steps</span>
  <span class="name"></span>
  

       <i class="chevron fa fa-fw"></i>
  </div>

  </div>

  <div id="steps-48" class="inner-level collapse collapsable-details  in ">
          <div class="step">
        
<div class="brief passed">
  <span class="keyword indention">Given</span>
  <span class="name">user opens website</span>
  
  <span class="lead-duration duration">7s 581ms</span>

  </div>

        


        
        

        

        
  
      </div>
          <div class="step">
        
<div class="brief passed">
  <span class="keyword indention">And</span>
  <span class="name">verify user is on homepage</span>
  
  <span class="lead-duration duration">351ms</span>

  </div>

        


        
        

        

        
  
      </div>
          <div class="step">
        
<div class="brief passed">
  <span class="keyword indention">When</span>
  <span class="name">user clicks on things to do</span>
  
  <span class="lead-duration duration">4s 364ms</span>

  </div>

        


        
        

        

        
  
      </div>
          <div class="step">
        
<div class="brief passed">
  <span class="keyword indention">Then</span>
  <span class="name">user selects destination</span>
  
  <span class="lead-duration duration">1s 172ms</span>

  </div>

        


        
        

        

        
  
      </div>
          <div class="step">
        
<div class="brief passed">
  <span class="keyword indention">When</span>
  <span class="name">user search is performed</span>
  
  <span class="lead-duration duration">1s 560ms</span>

  </div>

        


        
        

        

        
  
      </div>
          <div class="step">
        
<div class="brief failed">
  <span class="keyword indention">And</span>
  <span class="name">user selects first card</span>
  
  <span class="lead-duration duration">8s 067ms</span>

  </div>

        

  <div class="inner-level">
    <div class="message indention">
      <div data-toggle="collapse" class="collapsable-control" data-target="#msg-49">
          <a>Error message</a>
      </div>
      <div id="msg-49" class="collapse collapsable-details">
        <pre>com.microsoft.playwright.PlaywrightException: Error {
  message='Error: strict mode violation: locator(&quot;//div[@itemprop='itemListElement']&quot;) resolved to 24 elements:
    1) &lt;div class=&quot;&quot; itemscope=&quot;&quot; itemprop=&quot;itemListElement&quot;&hellip;&gt;&hellip;&lt;/div&gt; aka locator(&quot;.c14whb16 &gt; div &gt; div&quot;).first()
    2) &lt;div itemscope=&quot;&quot; itemprop=&quot;itemListElement&quot; itemtype&hellip;&gt;&hellip;&lt;/div&gt; aka locator(&quot;.c11o7fet&quot;).first()
    3) &lt;div itemscope=&quot;&quot; itemprop=&quot;itemListElement&quot; itemtype&hellip;&gt;&hellip;&lt;/div&gt; aka locator(&quot;div:nth-child(3) &gt; .c11o7fet&quot;)
    4) &lt;div itemscope=&quot;&quot; itemprop=&quot;itemListElement&quot; itemtype&hellip;&gt;&hellip;&lt;/div&gt; aka locator(&quot;div:nth-child(4) &gt; .c11o7fet&quot;)
    5) &lt;div itemscope=&quot;&quot; itemprop=&quot;itemListElement&quot; itemtype&hellip;&gt;&hellip;&lt;/div&gt; aka locator(&quot;.fjicacb &gt; .fjicacb&quot;).first()
    6) &lt;div itemscope=&quot;&quot; itemprop=&quot;itemListElement&quot; itemtype&hellip;&gt;&hellip;&lt;/div&gt; aka locator(&quot;div:nth-child(2) &gt; .fjicacb&quot;).first()
    7) &lt;div itemscope=&quot;&quot; itemprop=&quot;itemListElement&quot; itemtype&hellip;&gt;&hellip;&lt;/div&gt; aka locator(&quot;div:nth-child(3) &gt; .fjicacb&quot;).first()
    8) &lt;div itemscope=&quot;&quot; itemprop=&quot;itemListElement&quot; itemtype&hellip;&gt;&hellip;&lt;/div&gt; aka locator(&quot;div:nth-child(4) &gt; .fjicacb&quot;).first()
    9) &lt;div itemscope=&quot;&quot; itemprop=&quot;itemListElement&quot; itemtype&hellip;&gt;&hellip;&lt;/div&gt; aka locator(&quot;div:nth-child(3) &gt; div &gt; .ckmk5yg &gt; .s1yvqyx7 &gt; div &gt; .awuxh4x &gt; .cw9aemg &gt; .c14whb16 &gt; div &gt; .fjicacb&quot;).first()
    10) &lt;div itemscope=&quot;&quot; itemprop=&quot;itemListElement&quot; itemtype&hellip;&gt;&hellip;&lt;/div&gt; aka locator(&quot;div:nth-child(3) &gt; div &gt; .ckmk5yg &gt; .s1yvqyx7 &gt; div &gt; .awuxh4x &gt; .cw9aemg &gt; .c14whb16 &gt; div:nth-child(2) &gt; .fjicacb&quot;)
    ...

  name='Error
  stack='Error: Error: strict mode violation: locator(&quot;//div[@itemprop='itemListElement']&quot;) resolved to 24 elements:
    1) &lt;div class=&quot;&quot; itemscope=&quot;&quot; itemprop=&quot;itemListElement&quot;&hellip;&gt;&hellip;&lt;/div&gt; aka locator(&quot;.c14whb16 &gt; div &gt; div&quot;).first()
    2) &lt;div itemscope=&quot;&quot; itemprop=&quot;itemListElement&quot; itemtype&hellip;&gt;&hellip;&lt;/div&gt; aka locator(&quot;.c11o7fet&quot;).first()
    3) &lt;div itemscope=&quot;&quot; itemprop=&quot;itemListElement&quot; itemtype&hellip;&gt;&hellip;&lt;/div&gt; aka locator(&quot;div:nth-child(3) &gt; .c11o7fet&quot;)
    4) &lt;div itemscope=&quot;&quot; itemprop=&quot;itemListElement&quot; itemtype&hellip;&gt;&hellip;&lt;/div&gt; aka locator(&quot;div:nth-child(4) &gt; .c11o7fet&quot;)
    5) &lt;div itemscope=&quot;&quot; itemprop=&quot;itemListElement&quot; itemtype&hellip;&gt;&hellip;&lt;/div&gt; aka locator(&quot;.fjicacb &gt; .fjicacb&quot;).first()
    6) &lt;div itemscope=&quot;&quot; itemprop=&quot;itemListElement&quot; itemtype&hellip;&gt;&hellip;&lt;/div&gt; aka locator(&quot;div:nth-child(2) &gt; .fjicacb&quot;).first()
    7) &lt;div itemscope=&quot;&quot; itemprop=&quot;itemListElement&quot; itemtype&hellip;&gt;&hellip;&lt;/div&gt; aka locator(&quot;div:nth-child(3) &gt; .fjicacb&quot;).first()
    8) &lt;div itemscope=&quot;&quot; itemprop=&quot;itemListElement&quot; itemtype&hellip;&gt;&hellip;&lt;/div&gt; aka locator(&quot;div:nth-child(4) &gt; .fjicacb&quot;).first()
    9) &lt;div itemscope=&quot;&quot; itemprop=&quot;itemListElement&quot; itemtype&hellip;&gt;&hellip;&lt;/div&gt; aka locator(&quot;div:nth-child(3) &gt; div &gt; .ckmk5yg &gt; .s1yvqyx7 &gt; div &gt; .awuxh4x &gt; .cw9aemg &gt; .c14whb16 &gt; div &gt; .fjicacb&quot;).first()
    10) &lt;div itemscope=&quot;&quot; itemprop=&quot;itemListElement&quot; itemtype&hellip;&gt;&hellip;&lt;/div&gt; aka locator(&quot;div:nth-child(3) &gt; div &gt; .ckmk5yg &gt; .s1yvqyx7 &gt; div &gt; .awuxh4x &gt; .cw9aemg &gt; .c14whb16 &gt; div:nth-child(2) &gt; .fjicacb&quot;)
    ...

    at CRExecutionContext.evaluateWithArguments (C:\Users\280683\AppData\Local\Temp\playwright-java-1701699041182769527\package\lib\server\chromium\crExecutionContext.js:92:33)
    at async LongStandingScope._race (C:\Users\280683\AppData\Local\Temp\playwright-java-1701699041182769527\package\lib\utils\manualPromise.js:96:14)
    at async evaluateExpression (C:\Users\280683\AppData\Local\Temp\playwright-java-1701699041182769527\package\lib\server\javascript.js:241:12)
    at async C:\Users\280683\AppData\Local\Temp\playwright-java-1701699041182769527\package\lib\server\frames.js:953:22
    at async Frame.retryWithProgressAndTimeouts (C:\Users\280683\AppData\Local\Temp\playwright-java-1701699041182769527\package\lib\server\frames.js:923:24)
    at async C:\Users\280683\AppData\Local\Temp\playwright-java-1701699041182769527\package\lib\server\frames.js:1008:29
    at async ProgressController.run (C:\Users\280683\AppData\Local\Temp\playwright-java-1701699041182769527\package\lib\server\progress.js:82:22)
    at async FrameDispatcher.click (C:\Users\280683\AppData\Local\Temp\playwright-java-1701699041182769527\package\lib\server\dispatchers\frameDispatcher.js:158:12)
    at async LongStandingScope._race (C:\Users\280683\AppData\Local\Temp\playwright-java-1701699041182769527\package\lib\utils\manualPromise.js:96:14)
    at async FrameDispatcher._handleCommand (C:\Users\280683\AppData\Local\Temp\playwright-java-1701699041182769527\package\lib\server\dispatchers\dispatcher.js:96:14)
}
Call log:
- waiting for locator(&quot;//div[@itemprop='itemListElement']&quot;)

	at com.microsoft.playwright.impl.WaitableResult.get(WaitableResult.java:56)
	at com.microsoft.playwright.impl.ChannelOwner.runUntil(ChannelOwner.java:120)
	at com.microsoft.playwright.impl.Connection.sendMessage(Connection.java:130)
	at com.microsoft.playwright.impl.ChannelOwner.sendMessage(ChannelOwner.java:106)
	at com.microsoft.playwright.impl.FrameImpl.clickImpl(FrameImpl.java:252)
	at com.microsoft.playwright.impl.FrameImpl.lambda$click$8(FrameImpl.java:243)
	at com.microsoft.playwright.impl.LoggingSupport.lambda$withLogging$0(LoggingSupport.java:36)
	at com.microsoft.playwright.impl.LoggingSupport.withLogging(LoggingSupport.java:47)
	at com.microsoft.playwright.impl.ChannelOwner.withLogging(ChannelOwner.java:89)
	at com.microsoft.playwright.impl.LoggingSupport.withLogging(LoggingSupport.java:35)
	at com.microsoft.playwright.impl.FrameImpl.click(FrameImpl.java:243)
	at com.microsoft.playwright.impl.LocatorImpl.click(LocatorImpl.java:160)
	at com.microsoft.playwright.Locator.click(Locator.java:2468)
	at com.automation.pages.BookingPage.clickOnFirstCard(BookingPage.java:34)
	at com.automation.steps.BookingSteps.user_selects_first_card(BookingSteps.java:22)
	at &#10045;.user selects first card(file:///C:/Users/280683/Downloads/PlaywrightAumomationAirbnb/src/test/resources/features/ThingsToDo.feature:9)
Caused by: com.microsoft.playwright.impl.DriverException: Error {
  message='Error: strict mode violation: locator(&quot;//div[@itemprop='itemListElement']&quot;) resolved to 24 elements:
    1) &lt;div class=&quot;&quot; itemscope=&quot;&quot; itemprop=&quot;itemListElement&quot;&hellip;&gt;&hellip;&lt;/div&gt; aka locator(&quot;.c14whb16 &gt; div &gt; div&quot;).first()
    2) &lt;div itemscope=&quot;&quot; itemprop=&quot;itemListElement&quot; itemtype&hellip;&gt;&hellip;&lt;/div&gt; aka locator(&quot;.c11o7fet&quot;).first()
    3) &lt;div itemscope=&quot;&quot; itemprop=&quot;itemListElement&quot; itemtype&hellip;&gt;&hellip;&lt;/div&gt; aka locator(&quot;div:nth-child(3) &gt; .c11o7fet&quot;)
    4) &lt;div itemscope=&quot;&quot; itemprop=&quot;itemListElement&quot; itemtype&hellip;&gt;&hellip;&lt;/div&gt; aka locator(&quot;div:nth-child(4) &gt; .c11o7fet&quot;)
    5) &lt;div itemscope=&quot;&quot; itemprop=&quot;itemListElement&quot; itemtype&hellip;&gt;&hellip;&lt;/div&gt; aka locator(&quot;.fjicacb &gt; .fjicacb&quot;).first()
    6) &lt;div itemscope=&quot;&quot; itemprop=&quot;itemListElement&quot; itemtype&hellip;&gt;&hellip;&lt;/div&gt; aka locator(&quot;div:nth-child(2) &gt; .fjicacb&quot;).first()
    7) &lt;div itemscope=&quot;&quot; itemprop=&quot;itemListElement&quot; itemtype&hellip;&gt;&hellip;&lt;/div&gt; aka locator(&quot;div:nth-child(3) &gt; .fjicacb&quot;).first()
    8) &lt;div itemscope=&quot;&quot; itemprop=&quot;itemListElement&quot; itemtype&hellip;&gt;&hellip;&lt;/div&gt; aka locator(&quot;div:nth-child(4) &gt; .fjicacb&quot;).first()
    9) &lt;div itemscope=&quot;&quot; itemprop=&quot;itemListElement&quot; itemtype&hellip;&gt;&hellip;&lt;/div&gt; aka locator(&quot;div:nth-child(3) &gt; div &gt; .ckmk5yg &gt; .s1yvqyx7 &gt; div &gt; .awuxh4x &gt; .cw9aemg &gt; .c14whb16 &gt; div &gt; .fjicacb&quot;).first()
    10) &lt;div itemscope=&quot;&quot; itemprop=&quot;itemListElement&quot; itemtype&hellip;&gt;&hellip;&lt;/div&gt; aka locator(&quot;div:nth-child(3) &gt; div &gt; .ckmk5yg &gt; .s1yvqyx7 &gt; div &gt; .awuxh4x &gt; .cw9aemg &gt; .c14whb16 &gt; div:nth-child(2) &gt; .fjicacb&quot;)
    ...

  name='Error
  stack='Error: Error: strict mode violation: locator(&quot;//div[@itemprop='itemListElement']&quot;) resolved to 24 elements:
    1) &lt;div class=&quot;&quot; itemscope=&quot;&quot; itemprop=&quot;itemListElement&quot;&hellip;&gt;&hellip;&lt;/div&gt; aka locator(&quot;.c14whb16 &gt; div &gt; div&quot;).first()
    2) &lt;div itemscope=&quot;&quot; itemprop=&quot;itemListElement&quot; itemtype&hellip;&gt;&hellip;&lt;/div&gt; aka locator(&quot;.c11o7fet&quot;).first()
    3) &lt;div itemscope=&quot;&quot; itemprop=&quot;itemListElement&quot; itemtype&hellip;&gt;&hellip;&lt;/div&gt; aka locator(&quot;div:nth-child(3) &gt; .c11o7fet&quot;)
    4) &lt;div itemscope=&quot;&quot; itemprop=&quot;itemListElement&quot; itemtype&hellip;&gt;&hellip;&lt;/div&gt; aka locator(&quot;div:nth-child(4) &gt; .c11o7fet&quot;)
    5) &lt;div itemscope=&quot;&quot; itemprop=&quot;itemListElement&quot; itemtype&hellip;&gt;&hellip;&lt;/div&gt; aka locator(&quot;.fjicacb &gt; .fjicacb&quot;).first()
    6) &lt;div itemscope=&quot;&quot; itemprop=&quot;itemListElement&quot; itemtype&hellip;&gt;&hellip;&lt;/div&gt; aka locator(&quot;div:nth-child(2) &gt; .fjicacb&quot;).first()
    7) &lt;div itemscope=&quot;&quot; itemprop=&quot;itemListElement&quot; itemtype&hellip;&gt;&hellip;&lt;/div&gt; aka locator(&quot;div:nth-child(3) &gt; .fjicacb&quot;).first()
    8) &lt;div itemscope=&quot;&quot; itemprop=&quot;itemListElement&quot; itemtype&hellip;&gt;&hellip;&lt;/div&gt; aka locator(&quot;div:nth-child(4) &gt; .fjicacb&quot;).first()
    9) &lt;div itemscope=&quot;&quot; itemprop=&quot;itemListElement&quot; itemtype&hellip;&gt;&hellip;&lt;/div&gt; aka locator(&quot;div:nth-child(3) &gt; div &gt; .ckmk5yg &gt; .s1yvqyx7 &gt; div &gt; .awuxh4x &gt; .cw9aemg &gt; .c14whb16 &gt; div &gt; .fjicacb&quot;).first()
    10) &lt;div itemscope=&quot;&quot; itemprop=&quot;itemListElement&quot; itemtype&hellip;&gt;&hellip;&lt;/div&gt; aka locator(&quot;div:nth-child(3) &gt; div &gt; .ckmk5yg &gt; .s1yvqyx7 &gt; div &gt; .awuxh4x &gt; .cw9aemg &gt; .c14whb16 &gt; div:nth-child(2) &gt; .fjicacb&quot;)
    ...

    at CRExecutionContext.evaluateWithArguments (C:\Users\280683\AppData\Local\Temp\playwright-java-1701699041182769527\package\lib\server\chromium\crExecutionContext.js:92:33)
    at async LongStandingScope._race (C:\Users\280683\AppData\Local\Temp\playwright-java-1701699041182769527\package\lib\utils\manualPromise.js:96:14)
    at async evaluateExpression (C:\Users\280683\AppData\Local\Temp\playwright-java-1701699041182769527\package\lib\server\javascript.js:241:12)
    at async C:\Users\280683\AppData\Local\Temp\playwright-java-1701699041182769527\package\lib\server\frames.js:953:22
    at async Frame.retryWithProgressAndTimeouts (C:\Users\280683\AppData\Local\Temp\playwright-java-1701699041182769527\package\lib\server\frames.js:923:24)
    at async C:\Users\280683\AppData\Local\Temp\playwright-java-1701699041182769527\package\lib\server\frames.js:1008:29
    at async ProgressController.run (C:\Users\280683\AppData\Local\Temp\playwright-java-1701699041182769527\package\lib\server\progress.js:82:22)
    at async FrameDispatcher.click (C:\Users\280683\AppData\Local\Temp\playwright-java-1701699041182769527\package\lib\server\dispatchers\frameDispatcher.js:158:12)
    at async LongStandingScope._race (C:\Users\280683\AppData\Local\Temp\playwright-java-1701699041182769527\package\lib\utils\manualPromise.js:96:14)
    at async FrameDispatcher._handleCommand (C:\Users\280683\AppData\Local\Temp\playwright-java-1701699041182769527\package\lib\server\dispatchers\dispatcher.js:96:14)
}
Call log:
- waiting for locator(&quot;//div[@itemprop='itemListElement']&quot;)

	at com.microsoft.playwright.impl.Connection.dispatch(Connection.java:259)
	at com.microsoft.playwright.impl.Connection.processOneMessage(Connection.java:211)
	at com.microsoft.playwright.impl.ChannelOwner.runUntil(ChannelOwner.java:118)
	at com.microsoft.playwright.impl.Connection.sendMessage(Connection.java:130)
	at com.microsoft.playwright.impl.ChannelOwner.sendMessage(ChannelOwner.java:106)
	at com.microsoft.playwright.impl.FrameImpl.clickImpl(FrameImpl.java:252)
	at com.microsoft.playwright.impl.FrameImpl.lambda$click$8(FrameImpl.java:243)
	at com.microsoft.playwright.impl.LoggingSupport.lambda$withLogging$0(LoggingSupport.java:36)
	at com.microsoft.playwright.impl.LoggingSupport.withLogging(LoggingSupport.java:47)
	at com.microsoft.playwright.impl.ChannelOwner.withLogging(ChannelOwner.java:89)
	at com.microsoft.playwright.impl.LoggingSupport.withLogging(LoggingSupport.java:35)
	at com.microsoft.playwright.impl.FrameImpl.click(FrameImpl.java:243)
	at com.microsoft.playwright.impl.LocatorImpl.click(LocatorImpl.java:160)
	at com.microsoft.playwright.Locator.click(Locator.java:2468)
	at com.automation.pages.BookingPage.clickOnFirstCard(BookingPage.java:34)
	at com.automation.steps.BookingSteps.user_selects_first_card(BookingSteps.java:22)
	at java.base/jdk.internal.reflect.NativeMethodAccessorImpl.invoke0(Native Method)
	at java.base/jdk.internal.reflect.NativeMethodAccessorImpl.invoke(NativeMethodAccessorImpl.java:77)
	at java.base/jdk.internal.reflect.DelegatingMethodAccessorImpl.invoke(DelegatingMethodAccessorImpl.java:43)
	at java.base/java.lang.reflect.Method.invoke(Method.java:569)
	at io.cucumber.java.Invoker.doInvoke(Invoker.java:66)
	at io.cucumber.java.Invoker.invoke(Invoker.java:24)
	at io.cucumber.java.AbstractGlueDefinition.invokeMethod(AbstractGlueDefinition.java:47)
	at io.cucumber.java.JavaStepDefinition.execute(JavaStepDefinition.java:29)
	at io.cucumber.core.runner.CoreStepDefinition.execute(CoreStepDefinition.java:66)
	at io.cucumber.core.runner.PickleStepDefinitionMatch.runStep(PickleStepDefinitionMatch.java:63)
	at io.cucumber.core.runner.ExecutionMode$1.execute(ExecutionMode.java:10)
	at io.cucumber.core.runner.TestStep.executeStep(TestStep.java:81)
	at io.cucumber.core.runner.TestStep.run(TestStep.java:53)
	at io.cucumber.core.runner.PickleStepTestStep.run(PickleStepTestStep.java:51)
	at io.cucumber.core.runner.TestCase.run(TestCase.java:84)
	at io.cucumber.core.runner.Runner.runPickle(Runner.java:75)
	at io.cucumber.junit.PickleRunners$NoStepDescriptions.lambda$run$0(PickleRunners.java:151)
	at io.cucumber.core.runtime.CucumberExecutionContext.lambda$runTestCase$5(CucumberExecutionContext.java:136)
	at io.cucumber.core.runtime.RethrowingThrowableCollector.executeAndThrow(RethrowingThrowableCollector.java:23)
	at io.cucumber.core.runtime.CucumberExecutionContext.runTestCase(CucumberExecutionContext.java:136)
	at io.cucumber.junit.PickleRunners$NoStepDescriptions.run(PickleRunners.java:148)
	at io.cucumber.junit.FeatureRunner.runChild(FeatureRunner.java:144)
	at io.cucumber.junit.FeatureRunner.runChild(FeatureRunner.java:28)
	at org.junit.runners.ParentRunner$4.run(ParentRunner.java:331)
	at org.junit.runners.ParentRunner$1.schedule(ParentRunner.java:79)
	at org.junit.runners.ParentRunner.runChildren(ParentRunner.java:329)
	at org.junit.runners.ParentRunner.access$100(ParentRunner.java:66)
	at org.junit.runners.ParentRunner$2.evaluate(ParentRunner.java:293)
	at org.junit.runners.ParentRunner$3.evaluate(ParentRunner.java:306)
	at org.junit.runners.ParentRunner.run(ParentRunner.java:413)
	at io.cucumber.junit.FeatureRunner.run(FeatureRunner.java:137)
	at io.cucumber.junit.Cucumber.runChild(Cucumber.java:196)
	at io.cucumber.junit.Cucumber.runChild(Cucumber.java:89)
	at org.junit.runners.ParentRunner$4.run(ParentRunner.java:331)
	at org.junit.runners.ParentRunner$1.schedule(ParentRunner.java:79)
	at org.junit.runners.ParentRunner.runChildren(ParentRunner.java:329)
	at org.junit.runners.ParentRunner.access$100(ParentRunner.java:66)
	at org.junit.runners.ParentRunner$2.evaluate(ParentRunner.java:293)
	at io.cucumber.core.runtime.CucumberExecutionContext.lambda$runFeatures$6(CucumberExecutionContext.java:147)
	at io.cucumber.core.runtime.CucumberExecutionContext.execute(CucumberExecutionContext.java:162)
	at io.cucumber.core.runtime.CucumberExecutionContext.runFeatures(CucumberExecutionContext.java:145)
	at io.cucumber.junit.Cucumber$StartAndFinishTestRun.evaluate(Cucumber.java:226)
	at org.junit.runners.ParentRunner$3.evaluate(ParentRunner.java:306)
	at org.junit.runners.ParentRunner.run(ParentRunner.java:413)
	at org.apache.maven.surefire.junit4.JUnit4Provider.execute(JUnit4Provider.java:316)
	at org.apache.maven.surefire.junit4.JUnit4Provider.executeWithRerun(JUnit4Provider.java:240)
	at org.apache.maven.surefire.junit4.JUnit4Provider.executeTestSet(JUnit4Provider.java:214)
	at org.apache.maven.surefire.junit4.JUnit4Provider.invoke(JUnit4Provider.java:155)
	at org.apache.maven.surefire.booter.ForkedBooter.runSuitesInProcess(ForkedBooter.java:385)
	at org.apache.maven.surefire.booter.ForkedBooter.execute(ForkedBooter.java:162)
	at org.apache.maven.surefire.booter.ForkedBooter.run(ForkedBooter.java:507)
	at org.apache.maven.surefire.booter.ForkedBooter.main(ForkedBooter.java:495)
</pre>
      </div>
    </div>
  </div>


        
        

        

        
  
      </div>
          <div class="step">
        
<div class="brief skipped">
  <span class="keyword indention">Then</span>
  <span class="name">verify displayed details with the text</span>
  
  <span class="lead-duration duration">000ms</span>

  </div>

        


                  <table class="step-arguments">
                          <tr>
                                  <td>What you'll do</td>
                              </tr>
                      </table>
        
        

        

        
  
      </div>
      </div>
</div>


    
  <div class="inner-level hooks-after">
        <div data-toggle="collapse" class=" collapsed  collapsable-control" data-target="#after-50">
      
<div class="brief passed">
  <span class="keyword indention">Hooks</span>
  <span class="name"></span>
  

       <i class="chevron fa fa-fw"></i>
  </div>

    </div>

    <div id="after-50" class="inner-level collapse collapsable-details ">
              <div class="hook">
          <div class="brief passed">
            <span class="keyword indention">After</span>
                          <span class="location name">com.automation.steps.Hooks.cleanUp()</span>
                        
  <span class="lead-duration duration">1s 277ms</span>

          </div>

                      

          
          
  
        </div>
          </div>
  </div>

  </div>
</div>

                  </div>
      
    </div>
  </div>
</div>


<div class="container-fluid">
  <div class="row">
    <div class="col-md-10 col-md-offset-10">
      <i class="fa fa-chevron-circle-down fa-2x collapsable-control"
        onClick="javascript:$('#report .collapsable-details').collapse('show')"></i>
      <i class="fa fa-chevron-circle-up fa-2x collapsable-control"
        onClick="javascript:$('#report .collapsable-details').collapse('hide')"></i>
    </div>
  </div>
</div>

<br>

<nav class="navbar navbar-default" id="footer">
  <div class="container-fluid">
    <p class="navbar-text navbar-right">
        <small>generate Cucumber HTML reports via:&nbsp;</small>
        <a class="navbar-link" href="https://github.com/jenkinsci/cucumber-reports-plugin">Jenkins Plugin</a> |
        <a class="navbar-link" href="https://github.com/damianszczepanik/cucumber-reporting">Standalone</a> |
        <a class="navbar-link" href="https://github.com/damianszczepanik/cucumber-sandwich">Sandwich</a> |
        <a class="navbar-link" href="https://github.com/damianszczepanik/maven-cucumber-reporting">Maven</a>
        &nbsp;&nbsp;
    </p>
  </div>
</nav>

</body>
</html>
